<?xml version='1.0' encoding='UTF-8'?>
<testsuite hostname="student-laptop" name="directed.StrictGraphDefaultImplSpec" tests="22" errors="0" failures="4" skipped="0" time="0.447" timestamp="2022-03-05T18:59:17">
          <properties>
      <property name="awt.toolkit" value="sun.awt.X11.XToolkit"/><property name="java.specification.version" value="11"/><property name="sun.cpu.isalist" value=""/><property name="sun.jnu.encoding" value="UTF-8"/><property name="sun.arch.data.model" value="64"/><property name="java.vendor.url" value="https://ubuntu.com/"/><property name="sun.boot.library.path" value="/usr/lib/jvm/java-11-openjdk-amd64/lib"/><property name="sun.java.command" value="/home/cytech/.sdkman/candidates/sbt/1.6.1/bin/sbt-launch.jar"/><property name="jdk.debug" value="release"/><property name="java.specification.vendor" value="Oracle Corporation"/><property name="java.version.date" value="2021-10-19"/><property name="java.home" value="/usr/lib/jvm/java-11-openjdk-amd64"/><property name="file.separator" value="/"/><property name="java.vm.compressedOopsMode" value="32-bit"/><property name="line.separator" value="
"/><property name="java.specification.name" value="Java Platform API Specification"/><property name="java.vm.specification.vendor" value="Oracle Corporation"/><property name="sun.management.compiler" value="HotSpot 64-Bit Tiered Compilers"/><property name="java.runtime.version" value="11.0.13+8-Ubuntu-0ubuntu1.20.04"/><property name="user.name" value="cytech"/><property name="log4j.ignoreTCL" value="true"/><property name="file.encoding" value="UTF-8"/><property name="jnidispatch.path" value="/home/cytech/.cache/JNA/temp/jna7881369958943142434.tmp"/><property name="jna.loaded" value="true"/><property name="java.io.tmpdir" value="/tmp"/><property name="java.version" value="11.0.13"/><property name="java.vm.specification.name" value="Java Virtual Machine Specification"/><property name="java.awt.printerjob" value="sun.print.PSPrinterJob"/><property name="sun.os.patch.level" value="unknown"/><property name="java.library.path" value="/usr/java/packages/lib:/usr/lib/x86_64-linux-gnu/jni:/lib/x86_64-linux-gnu:/usr/lib/x86_64-linux-gnu:/usr/lib/jni:/lib:/usr/lib"/><property name="java.vendor" value="Ubuntu"/><property name="scala.ext.dirs" value="/home/cytech/.sbt/1.0/java9-rt-ext-ubuntu_11_0_13"/><property name="sun.io.unicode.encoding" value="UnicodeLittle"/><property name="sun.desktop" value="gnome"/><property name="java.class.path" value="/home/cytech/.sdkman/candidates/sbt/1.6.1/bin/sbt-launch.jar"/><property name="java.vm.vendor" value="Ubuntu"/><property name="jline.shutdownhook" value="false"/><property name="user.timezone" value="Europe/Paris"/><property name="os.name" value="Linux"/><property name="java.vm.specification.version" value="11"/><property name="sun.java.launcher" value="SUN_STANDARD"/><property name="user.country" value="US"/><property name="sun.cpu.endian" value="little"/><property name="user.home" value="/home/cytech"/><property name="user.language" value="en"/><property name="sbt.script" value="/home/cytech/.sdkman/candidates/sbt/current/bin/sbt"/><property name="swoval.tmpdir" value="/home/cytech/.sbt/1.0"/><property name="java.awt.graphicsenv" value="sun.awt.X11GraphicsEnvironment"/><property name="jline.esc.timeout" value="0"/><property name="path.separator" value=":"/><property name="os.version" value="5.4.0-100-generic"/><property name="jna.nosys" value="true"/><property name="java.runtime.name" value="OpenJDK Runtime Environment"/><property name="java.vm.name" value="OpenJDK 64-Bit Server VM"/><property name="jna.platform.library.path" value="/usr/lib/x86_64-linux-gnu:/lib/x86_64-linux-gnu:/lib64:/usr/lib:/lib:/lib32:/usr/lib32:/usr/lib/x86_64-linux-gnu/libfakeroot"/><property name="java.vendor.url.bug" value="https://bugs.launchpad.net/ubuntu/+source/openjdk-lts"/><property name="user.dir" value="/home/cytech/IdeaProjects/ProjetScala/graph_squelette"/><property name="os.arch" value="amd64"/><property name="java.vm.info" value="mixed mode, sharing"/><property name="java.vm.version" value="11.0.13+8-Ubuntu-0ubuntu1.20.04"/><property name="java.class.version" value="55.0"/>
    </properties>
          <testcase classname="directed.StrictGraphDefaultImplSpec" name="StrictGraphDefaultImpl.successorsOf must yield None if input is not an actual vertex of graph" time="0.246">
                      
                    </testcase><testcase classname="directed.StrictGraphDefaultImplSpec" name="StrictGraphDefaultImpl.successorsOf must yield a subset of vertex set if input is an actual vertex of graph" time="0.015">
                      
                    </testcase><testcase classname="directed.StrictGraphDefaultImplSpec" name="StrictGraphDefaultImpl.successorsOf must yield a set of adjacent vertices" time="0.009">
                      
                    </testcase><testcase classname="directed.StrictGraphDefaultImplSpec" name="StrictGraphDefaultImpl.+ must contain input vertex" time="0.006">
                      
                    </testcase><testcase classname="directed.StrictGraphDefaultImplSpec" name="StrictGraphDefaultImpl.+ must return input graph if input vertex is already in graph" time="0.006">
                      
                    </testcase><testcase classname="directed.StrictGraphDefaultImplSpec" name="StrictGraphDefaultImpl.+ must have input vertex with degree 0 if not an actual vertex of graph" time="0.013">
                      <failure message="NotImplementedError was thrown during property evaluation.
  Message: an implementation is missing
  Occurred when passed generated values (
    arg0 = (({10, 6, 9, 7, 3, 8, 4}, {3 -&gt; 8, 3 -&gt; 10, 3 -&gt; 6, 8 -&gt; 10, 7 -&gt; 6, 3 -&gt; 7, 10 -&gt; 7, 10 -&gt; 9, 9 -&gt; 3, 4 -&gt; 9, 8 -&gt; 3, 7 -&gt; 4, 10 -&gt; 8, 7 -&gt; 3, 9 -&gt; 7, 4 -&gt; 6, 9 -&gt; 10, 6 -&gt; 7, 4 -&gt; 3, 8 -&gt; 7, 4 -&gt; 7, 7 -&gt; 8, 6 -&gt; 9, 10 -&gt; 4, 7 -&gt; 9, 10 -&gt; 3}),2)
  )" type="org.scalatest.exceptions.GeneratorDrivenPropertyCheckFailedException">org.scalatest.exceptions.GeneratorDrivenPropertyCheckFailedException: NotImplementedError was thrown during property evaluation.
  Message: an implementation is missing
  Occurred when passed generated values (
    arg0 = (({10, 6, 9, 7, 3, 8, 4}, {3 -&gt; 8, 3 -&gt; 10, 3 -&gt; 6, 8 -&gt; 10, 7 -&gt; 6, 3 -&gt; 7, 10 -&gt; 7, 10 -&gt; 9, 9 -&gt; 3, 4 -&gt; 9, 8 -&gt; 3, 7 -&gt; 4, 10 -&gt; 8, 7 -&gt; 3, 9 -&gt; 7, 4 -&gt; 6, 9 -&gt; 10, 6 -&gt; 7, 4 -&gt; 3, 8 -&gt; 7, 4 -&gt; 7, 7 -&gt; 8, 6 -&gt; 9, 10 -&gt; 4, 7 -&gt; 9, 10 -&gt; 3}),2)
  )
	at org.scalatestplus.scalacheck.CheckerAsserting$$anon$2.indicateFailure(CheckerAsserting.scala:251)
	at org.scalatestplus.scalacheck.CheckerAsserting$$anon$2.indicateFailure(CheckerAsserting.scala:238)
	at org.scalatestplus.scalacheck.UnitCheckerAsserting$CheckerAssertingImpl.check(CheckerAsserting.scala:160)
	at org.scalatestplus.scalacheck.ScalaCheckDrivenPropertyChecks.forAll(ScalaCheckDrivenPropertyChecks.scala:1007)
	at org.scalatestplus.scalacheck.ScalaCheckDrivenPropertyChecks.forAll$(ScalaCheckDrivenPropertyChecks.scala:976)
	at org.scalatestplus.scalacheck.ScalaCheckPropertyChecks$.forAll(ScalaCheckPropertyChecks.scala:109)
	at directed.StrictGraphSpec.$anonfun$new$13(StrictGraphSpec.scala:33)
	at org.scalatest.OutcomeOf.outcomeOf(OutcomeOf.scala:85)
	at org.scalatest.OutcomeOf.outcomeOf$(OutcomeOf.scala:83)
	at org.scalatest.OutcomeOf$.outcomeOf(OutcomeOf.scala:104)
	at org.scalatest.Transformer.apply(Transformer.scala:22)
	at org.scalatest.Transformer.apply(Transformer.scala:20)
	at org.scalatest.flatspec.AnyFlatSpecLike$$anon$5.apply(AnyFlatSpecLike.scala:1812)
	at org.scalatest.TestSuite.withFixture(TestSuite.scala:196)
	at org.scalatest.TestSuite.withFixture$(TestSuite.scala:195)
	at org.scalatest.flatspec.AnyFlatSpec.withFixture(AnyFlatSpec.scala:1685)
	at org.scalatest.flatspec.AnyFlatSpecLike.invokeWithFixture$1(AnyFlatSpecLike.scala:1810)
	at org.scalatest.flatspec.AnyFlatSpecLike.$anonfun$runTest$1(AnyFlatSpecLike.scala:1822)
	at org.scalatest.SuperEngine.runTestImpl(Engine.scala:306)
	at org.scalatest.flatspec.AnyFlatSpecLike.runTest(AnyFlatSpecLike.scala:1822)
	at org.scalatest.flatspec.AnyFlatSpecLike.runTest$(AnyFlatSpecLike.scala:1804)
	at org.scalatest.flatspec.AnyFlatSpec.runTest(AnyFlatSpec.scala:1685)
	at org.scalatest.flatspec.AnyFlatSpecLike.$anonfun$runTests$1(AnyFlatSpecLike.scala:1880)
	at org.scalatest.SuperEngine.$anonfun$runTestsInBranch$1(Engine.scala:413)
	at scala.collection.immutable.List.foreach(List.scala:333)
	at org.scalatest.SuperEngine.traverseSubNodes$1(Engine.scala:401)
	at org.scalatest.SuperEngine.runTestsInBranch(Engine.scala:390)
	at org.scalatest.SuperEngine.$anonfun$runTestsInBranch$1(Engine.scala:427)
	at scala.collection.immutable.List.foreach(List.scala:333)
	at org.scalatest.SuperEngine.traverseSubNodes$1(Engine.scala:401)
	at org.scalatest.SuperEngine.runTestsInBranch(Engine.scala:396)
	at org.scalatest.SuperEngine.runTestsImpl(Engine.scala:475)
	at org.scalatest.flatspec.AnyFlatSpecLike.runTests(AnyFlatSpecLike.scala:1880)
	at org.scalatest.flatspec.AnyFlatSpecLike.runTests$(AnyFlatSpecLike.scala:1879)
	at org.scalatest.flatspec.AnyFlatSpec.runTests(AnyFlatSpec.scala:1685)
	at org.scalatest.Suite.run(Suite.scala:1112)
	at org.scalatest.Suite.run$(Suite.scala:1094)
	at org.scalatest.flatspec.AnyFlatSpec.org$scalatest$flatspec$AnyFlatSpecLike$$super$run(AnyFlatSpec.scala:1685)
	at org.scalatest.flatspec.AnyFlatSpecLike.$anonfun$run$1(AnyFlatSpecLike.scala:1925)
	at org.scalatest.SuperEngine.runImpl(Engine.scala:535)
	at org.scalatest.flatspec.AnyFlatSpecLike.run(AnyFlatSpecLike.scala:1925)
	at org.scalatest.flatspec.AnyFlatSpecLike.run$(AnyFlatSpecLike.scala:1923)
	at org.scalatest.flatspec.AnyFlatSpec.run(AnyFlatSpec.scala:1685)
	at org.scalatest.tools.Framework.org$scalatest$tools$Framework$$runSuite(Framework.scala:318)
	at org.scalatest.tools.Framework$ScalaTestTask.execute(Framework.scala:513)
	at sbt.TestRunner.runTest$1(TestFramework.scala:140)
	at sbt.TestRunner.run(TestFramework.scala:155)
	at sbt.TestFramework$$anon$3$$anonfun$$lessinit$greater$1.$anonfun$apply$1(TestFramework.scala:318)
	at sbt.TestFramework$.sbt$TestFramework$$withContextLoader(TestFramework.scala:278)
	at sbt.TestFramework$$anon$3$$anonfun$$lessinit$greater$1.apply(TestFramework.scala:318)
	at sbt.TestFramework$$anon$3$$anonfun$$lessinit$greater$1.apply(TestFramework.scala:318)
	at sbt.TestFunction.apply(TestFramework.scala:330)
	at sbt.Tests$.$anonfun$toTask$1(Tests.scala:435)
	at sbt.std.Transform$$anon$3.$anonfun$apply$2(Transform.scala:46)
	at sbt.std.Transform$$anon$4.work(Transform.scala:68)
	at sbt.Execute.$anonfun$submit$2(Execute.scala:282)
	at sbt.internal.util.ErrorHandling$.wideConvert(ErrorHandling.scala:23)
	at sbt.Execute.work(Execute.scala:291)
	at sbt.Execute.$anonfun$submit$1(Execute.scala:282)
	at sbt.ConcurrentRestrictions$$anon$4.$anonfun$submitValid$1(ConcurrentRestrictions.scala:265)
	at sbt.CompletionService$$anon$2.call(CompletionService.scala:64)
	at java.base/java.util.concurrent.FutureTask.run(FutureTask.java:264)
	at java.base/java.util.concurrent.Executors$RunnableAdapter.call(Executors.java:515)
	at java.base/java.util.concurrent.FutureTask.run(FutureTask.java:264)
	at java.base/java.util.concurrent.ThreadPoolExecutor.runWorker(ThreadPoolExecutor.java:1128)
	at java.base/java.util.concurrent.ThreadPoolExecutor$Worker.run(ThreadPoolExecutor.java:628)
	at java.base/java.lang.Thread.run(Thread.java:829)
Caused by: scala.NotImplementedError: an implementation is missing
	at scala.Predef$.$qmark$qmark$qmark(Predef.scala:344)
	at directed.StrictGraph.degreeOf(StrictGraph.scala:37)
	at directed.StrictGraph.degreeOf$(StrictGraph.scala:37)
	at directed.StrictGraphDefaultImpl.degreeOf(StrictGraphDefaultImpl.scala:8)
	at directed.StrictGraphSpec.$anonfun$new$14(StrictGraphSpec.scala:33)
	at org.scalatestplus.scalacheck.ScalaCheckDrivenPropertyChecks.liftedTree9$1(ScalaCheckDrivenPropertyChecks.scala:987)
	at org.scalatestplus.scalacheck.ScalaCheckDrivenPropertyChecks.$anonfun$forAll$7(ScalaCheckDrivenPropertyChecks.scala:986)
	at org.scalacheck.Prop$.$anonfun$forAllShrink$2(Prop.scala:768)
	at org.scalacheck.Prop$.secure(Prop.scala:478)
	at org.scalacheck.Prop$.result$1(Prop.scala:768)
	at org.scalacheck.Prop$.$anonfun$forAllShrink$1(Prop.scala:807)
	at org.scalacheck.Prop$.$anonfun$apply$1(Prop.scala:308)
	at org.scalacheck.PropFromFun.apply(Prop.scala:21)
	at org.scalacheck.Test$.workerFun$1(Test.scala:434)
	at org.scalacheck.Test$.$anonfun$check$2(Test.scala:466)
	at org.scalacheck.Test$.$anonfun$check$2$adapted(Test.scala:466)
	at org.scalacheck.Platform$.runWorkers(Platform.scala:40)
	at org.scalacheck.Test$.check(Test.scala:466)
	at org.scalatestplus.scalacheck.UnitCheckerAsserting$CheckerAssertingImpl.check(CheckerAsserting.scala:90)
	... 64 more
</failure>
                    </testcase><testcase classname="directed.StrictGraphDefaultImplSpec" name="StrictGraphDefaultImpl.- must NOT contain input vertex" time="0.018">
                      
                    </testcase><testcase classname="directed.StrictGraphDefaultImplSpec" name="StrictGraphDefaultImpl.- must return input graph if input vertex is not already in graph" time="0.027">
                      
                    </testcase><testcase classname="directed.StrictGraphDefaultImplSpec" name="StrictGraphDefaultImpl.- must have input vertex removed from successors if an actual vertex of graph" time="0.016">
                      
                    </testcase><testcase classname="directed.StrictGraphDefaultImplSpec" name="StrictGraphDefaultImpl.- must have degree updated for all successors if an actual vertex of graph" time="0.002">
                      <failure message="NotImplementedError was thrown during property evaluation.
  Message: an implementation is missing
  Occurred when passed generated values (
    arg0 = (({5, 25, 14, 6, 9, 22, 12, 7, 35, 18, 11, 40, 8, 36, 4, 21, 33, 28, 38, 17, 32, 34, 16, 31}, {5 -&gt; 38, 31 -&gt; 12, 8 -&gt; 21, 22 -&gt; 4, 25 -&gt; 40, 16 -&gt; 33, 6 -&gt; 21, 33 -&gt; 11, 25 -&gt; 17, 36 -&gt; 17, 16 -&gt; 11, 5 -&gt; 18, 22 -&gt; 36, 28 -&gt; 18, 22 -&gt; 38, 22 -&gt; 31, 17 -&gt; 7, 28 -&gt; 31, 25 -&gt; 22, 9 -&gt; 33, 11 -&gt; 5, 14 -&gt; 31, 40 -&gt; 18, 12 -&gt; 5, 36 -&gt; 33, 32 -&gt; 38, 12 -&gt; 4, 32 -&gt; 40, 22 -&gt; 34, 7 -&gt; 6, 34 -&gt; 6, 38 -&gt; 21, 12 -&gt; 31, 40 -&gt; 17, 34 -&gt; 25, 6 -&gt; 31, 11 -&gt; 25, 18 -&gt; 40, 11 -&gt; 6, 11 -&gt; 4, 21 -&gt; 31, 22 -&gt; 32, 9 -&gt; 38, 14 -&gt; 38, 32 -&gt; 5, 36 -&gt; 21, 40 -&gt; 35, 4 -&gt; 33, 18 -&gt; 16, 17 -&gt; 22, 35 -&gt; 34, 18 -&gt; 25, 28 -&gt; 6, 35 -&gt; 9, 16 -&gt; 18, 33 -&gt; 8, 5 -&gt; 25, 16 -&gt; 28, 4 -&gt; 17, 36 -&gt; 35, 11 -&gt; 28, 9 -&gt; 32, 12 -&gt; 38, 7 -&gt; 18, 5 -&gt; 32, 4 -&gt; 5, 6 -&gt; 40, 17 -&gt; 6, 9 -&gt; 7, 40 -&gt; 25, 33 -&gt; 40, 38 -&gt; 5, 17 -&gt; 38, 11 -&gt; 12, 21 -&gt; 28, 25 -&gt; 34, 35 -&gt; 31, 21 -&gt; 18, 9 -&gt; 14, 5 -&gt; 8, 17 -&gt; 21, 9 -&gt; 25, 36 -&gt; 38, 18 -&gt; 33, 36 -&gt; 9, 33 -&gt; 4, 25 -&gt; 21, 32 -&gt; 4, 5 -&gt; 40, 7 -&gt; 11, 33 -&gt; 34, 36 -&gt; 7, 22 -&gt; 12, 25 -&gt; 4, 28 -&gt; 38, 12 -&gt; 7, 14 -&gt; 12, 4 -&gt; 9, 6 -&gt; 18, 40 -&gt; 28, 36 -&gt; 28, 21 -&gt; 7, 40 -&gt; 11, 25 -&gt; 18, 12 -&gt; 28, 11 -&gt; 17, 7 -&gt; 25, 7 -&gt; 8, 38 -&gt; 14, 35 -&gt; 18, 38 -&gt; 31, 38 -&gt; 4, 25 -&gt; 28, 6 -&gt; 36, 34 -&gt; 14, 21 -&gt; 32, 32 -&gt; 21, 36 -&gt; 12, 6 -&gt; 9, 18 -&gt; 21, 5 -&gt; 6, 25 -&gt; 38, 4 -&gt; 18}),8)
  )" type="org.scalatest.exceptions.GeneratorDrivenPropertyCheckFailedException">org.scalatest.exceptions.GeneratorDrivenPropertyCheckFailedException: NotImplementedError was thrown during property evaluation.
  Message: an implementation is missing
  Occurred when passed generated values (
    arg0 = (({5, 25, 14, 6, 9, 22, 12, 7, 35, 18, 11, 40, 8, 36, 4, 21, 33, 28, 38, 17, 32, 34, 16, 31}, {5 -&gt; 38, 31 -&gt; 12, 8 -&gt; 21, 22 -&gt; 4, 25 -&gt; 40, 16 -&gt; 33, 6 -&gt; 21, 33 -&gt; 11, 25 -&gt; 17, 36 -&gt; 17, 16 -&gt; 11, 5 -&gt; 18, 22 -&gt; 36, 28 -&gt; 18, 22 -&gt; 38, 22 -&gt; 31, 17 -&gt; 7, 28 -&gt; 31, 25 -&gt; 22, 9 -&gt; 33, 11 -&gt; 5, 14 -&gt; 31, 40 -&gt; 18, 12 -&gt; 5, 36 -&gt; 33, 32 -&gt; 38, 12 -&gt; 4, 32 -&gt; 40, 22 -&gt; 34, 7 -&gt; 6, 34 -&gt; 6, 38 -&gt; 21, 12 -&gt; 31, 40 -&gt; 17, 34 -&gt; 25, 6 -&gt; 31, 11 -&gt; 25, 18 -&gt; 40, 11 -&gt; 6, 11 -&gt; 4, 21 -&gt; 31, 22 -&gt; 32, 9 -&gt; 38, 14 -&gt; 38, 32 -&gt; 5, 36 -&gt; 21, 40 -&gt; 35, 4 -&gt; 33, 18 -&gt; 16, 17 -&gt; 22, 35 -&gt; 34, 18 -&gt; 25, 28 -&gt; 6, 35 -&gt; 9, 16 -&gt; 18, 33 -&gt; 8, 5 -&gt; 25, 16 -&gt; 28, 4 -&gt; 17, 36 -&gt; 35, 11 -&gt; 28, 9 -&gt; 32, 12 -&gt; 38, 7 -&gt; 18, 5 -&gt; 32, 4 -&gt; 5, 6 -&gt; 40, 17 -&gt; 6, 9 -&gt; 7, 40 -&gt; 25, 33 -&gt; 40, 38 -&gt; 5, 17 -&gt; 38, 11 -&gt; 12, 21 -&gt; 28, 25 -&gt; 34, 35 -&gt; 31, 21 -&gt; 18, 9 -&gt; 14, 5 -&gt; 8, 17 -&gt; 21, 9 -&gt; 25, 36 -&gt; 38, 18 -&gt; 33, 36 -&gt; 9, 33 -&gt; 4, 25 -&gt; 21, 32 -&gt; 4, 5 -&gt; 40, 7 -&gt; 11, 33 -&gt; 34, 36 -&gt; 7, 22 -&gt; 12, 25 -&gt; 4, 28 -&gt; 38, 12 -&gt; 7, 14 -&gt; 12, 4 -&gt; 9, 6 -&gt; 18, 40 -&gt; 28, 36 -&gt; 28, 21 -&gt; 7, 40 -&gt; 11, 25 -&gt; 18, 12 -&gt; 28, 11 -&gt; 17, 7 -&gt; 25, 7 -&gt; 8, 38 -&gt; 14, 35 -&gt; 18, 38 -&gt; 31, 38 -&gt; 4, 25 -&gt; 28, 6 -&gt; 36, 34 -&gt; 14, 21 -&gt; 32, 32 -&gt; 21, 36 -&gt; 12, 6 -&gt; 9, 18 -&gt; 21, 5 -&gt; 6, 25 -&gt; 38, 4 -&gt; 18}),8)
  )
	at org.scalatestplus.scalacheck.UnitCheckerAsserting$$anon$1.indicateFailure(CheckerAsserting.scala:190)
	at org.scalatestplus.scalacheck.UnitCheckerAsserting$$anon$1.indicateFailure(CheckerAsserting.scala:177)
	at org.scalatestplus.scalacheck.UnitCheckerAsserting$CheckerAssertingImpl.check(CheckerAsserting.scala:160)
	at org.scalatestplus.scalacheck.ScalaCheckDrivenPropertyChecks.forAll(ScalaCheckDrivenPropertyChecks.scala:1007)
	at org.scalatestplus.scalacheck.ScalaCheckDrivenPropertyChecks.forAll$(ScalaCheckDrivenPropertyChecks.scala:976)
	at org.scalatestplus.scalacheck.ScalaCheckPropertyChecks$.forAll(ScalaCheckPropertyChecks.scala:109)
	at directed.StrictGraphSpec.$anonfun$new$22(StrictGraphSpec.scala:43)
	at scala.runtime.java8.JFunction0$mcV$sp.apply(JFunction0$mcV$sp.scala:18)
	at org.scalatest.OutcomeOf.outcomeOf(OutcomeOf.scala:85)
	at org.scalatest.OutcomeOf.outcomeOf$(OutcomeOf.scala:83)
	at org.scalatest.OutcomeOf$.outcomeOf(OutcomeOf.scala:104)
	at org.scalatest.Transformer.apply(Transformer.scala:22)
	at org.scalatest.Transformer.apply(Transformer.scala:20)
	at org.scalatest.flatspec.AnyFlatSpecLike$$anon$5.apply(AnyFlatSpecLike.scala:1812)
	at org.scalatest.TestSuite.withFixture(TestSuite.scala:196)
	at org.scalatest.TestSuite.withFixture$(TestSuite.scala:195)
	at org.scalatest.flatspec.AnyFlatSpec.withFixture(AnyFlatSpec.scala:1685)
	at org.scalatest.flatspec.AnyFlatSpecLike.invokeWithFixture$1(AnyFlatSpecLike.scala:1810)
	at org.scalatest.flatspec.AnyFlatSpecLike.$anonfun$runTest$1(AnyFlatSpecLike.scala:1822)
	at org.scalatest.SuperEngine.runTestImpl(Engine.scala:306)
	at org.scalatest.flatspec.AnyFlatSpecLike.runTest(AnyFlatSpecLike.scala:1822)
	at org.scalatest.flatspec.AnyFlatSpecLike.runTest$(AnyFlatSpecLike.scala:1804)
	at org.scalatest.flatspec.AnyFlatSpec.runTest(AnyFlatSpec.scala:1685)
	at org.scalatest.flatspec.AnyFlatSpecLike.$anonfun$runTests$1(AnyFlatSpecLike.scala:1880)
	at org.scalatest.SuperEngine.$anonfun$runTestsInBranch$1(Engine.scala:413)
	at scala.collection.immutable.List.foreach(List.scala:333)
	at org.scalatest.SuperEngine.traverseSubNodes$1(Engine.scala:401)
	at org.scalatest.SuperEngine.runTestsInBranch(Engine.scala:390)
	at org.scalatest.SuperEngine.$anonfun$runTestsInBranch$1(Engine.scala:427)
	at scala.collection.immutable.List.foreach(List.scala:333)
	at org.scalatest.SuperEngine.traverseSubNodes$1(Engine.scala:401)
	at org.scalatest.SuperEngine.runTestsInBranch(Engine.scala:396)
	at org.scalatest.SuperEngine.runTestsImpl(Engine.scala:475)
	at org.scalatest.flatspec.AnyFlatSpecLike.runTests(AnyFlatSpecLike.scala:1880)
	at org.scalatest.flatspec.AnyFlatSpecLike.runTests$(AnyFlatSpecLike.scala:1879)
	at org.scalatest.flatspec.AnyFlatSpec.runTests(AnyFlatSpec.scala:1685)
	at org.scalatest.Suite.run(Suite.scala:1112)
	at org.scalatest.Suite.run$(Suite.scala:1094)
	at org.scalatest.flatspec.AnyFlatSpec.org$scalatest$flatspec$AnyFlatSpecLike$$super$run(AnyFlatSpec.scala:1685)
	at org.scalatest.flatspec.AnyFlatSpecLike.$anonfun$run$1(AnyFlatSpecLike.scala:1925)
	at org.scalatest.SuperEngine.runImpl(Engine.scala:535)
	at org.scalatest.flatspec.AnyFlatSpecLike.run(AnyFlatSpecLike.scala:1925)
	at org.scalatest.flatspec.AnyFlatSpecLike.run$(AnyFlatSpecLike.scala:1923)
	at org.scalatest.flatspec.AnyFlatSpec.run(AnyFlatSpec.scala:1685)
	at org.scalatest.tools.Framework.org$scalatest$tools$Framework$$runSuite(Framework.scala:318)
	at org.scalatest.tools.Framework$ScalaTestTask.execute(Framework.scala:513)
	at sbt.TestRunner.runTest$1(TestFramework.scala:140)
	at sbt.TestRunner.run(TestFramework.scala:155)
	at sbt.TestFramework$$anon$3$$anonfun$$lessinit$greater$1.$anonfun$apply$1(TestFramework.scala:318)
	at sbt.TestFramework$.sbt$TestFramework$$withContextLoader(TestFramework.scala:278)
	at sbt.TestFramework$$anon$3$$anonfun$$lessinit$greater$1.apply(TestFramework.scala:318)
	at sbt.TestFramework$$anon$3$$anonfun$$lessinit$greater$1.apply(TestFramework.scala:318)
	at sbt.TestFunction.apply(TestFramework.scala:330)
	at sbt.Tests$.$anonfun$toTask$1(Tests.scala:435)
	at sbt.std.Transform$$anon$3.$anonfun$apply$2(Transform.scala:46)
	at sbt.std.Transform$$anon$4.work(Transform.scala:68)
	at sbt.Execute.$anonfun$submit$2(Execute.scala:282)
	at sbt.internal.util.ErrorHandling$.wideConvert(ErrorHandling.scala:23)
	at sbt.Execute.work(Execute.scala:291)
	at sbt.Execute.$anonfun$submit$1(Execute.scala:282)
	at sbt.ConcurrentRestrictions$$anon$4.$anonfun$submitValid$1(ConcurrentRestrictions.scala:265)
	at sbt.CompletionService$$anon$2.call(CompletionService.scala:64)
	at java.base/java.util.concurrent.FutureTask.run(FutureTask.java:264)
	at java.base/java.util.concurrent.Executors$RunnableAdapter.call(Executors.java:515)
	at java.base/java.util.concurrent.FutureTask.run(FutureTask.java:264)
	at java.base/java.util.concurrent.ThreadPoolExecutor.runWorker(ThreadPoolExecutor.java:1128)
	at java.base/java.util.concurrent.ThreadPoolExecutor$Worker.run(ThreadPoolExecutor.java:628)
	at java.base/java.lang.Thread.run(Thread.java:829)
Caused by: scala.NotImplementedError: an implementation is missing
	at scala.Predef$.$qmark$qmark$qmark(Predef.scala:344)
	at directed.StrictGraph.degreeOf(StrictGraph.scala:37)
	at directed.StrictGraph.degreeOf$(StrictGraph.scala:37)
	at directed.StrictGraphDefaultImpl.degreeOf(StrictGraphDefaultImpl.scala:8)
	at directed.StrictGraphSpec.$anonfun$new$24(StrictGraphSpec.scala:43)
	at directed.StrictGraphSpec.$anonfun$new$24$adapted(StrictGraphSpec.scala:43)
	at scala.collection.IterableOnceOps.forall(IterableOnce.scala:577)
	at scala.collection.IterableOnceOps.forall$(IterableOnce.scala:574)
	at scala.collection.AbstractIterable.forall(Iterable.scala:926)
	at directed.StrictGraphSpec.$anonfun$new$23(StrictGraphSpec.scala:43)
	at directed.StrictGraphSpec.$anonfun$new$23$adapted(StrictGraphSpec.scala:43)
	at org.scalatestplus.scalacheck.ScalaCheckDrivenPropertyChecks.liftedTree9$1(ScalaCheckDrivenPropertyChecks.scala:987)
	at org.scalatestplus.scalacheck.ScalaCheckDrivenPropertyChecks.$anonfun$forAll$7(ScalaCheckDrivenPropertyChecks.scala:986)
	at org.scalacheck.Prop$.$anonfun$forAllShrink$2(Prop.scala:768)
	at org.scalacheck.Prop$.secure(Prop.scala:478)
	at org.scalacheck.Prop$.result$1(Prop.scala:768)
	at org.scalacheck.Prop$.$anonfun$forAllShrink$1(Prop.scala:807)
	at org.scalacheck.Prop$.$anonfun$apply$1(Prop.scala:308)
	at org.scalacheck.PropFromFun.apply(Prop.scala:21)
	at org.scalacheck.Test$.workerFun$1(Test.scala:434)
	at org.scalacheck.Test$.$anonfun$check$2(Test.scala:466)
	at org.scalacheck.Test$.$anonfun$check$2$adapted(Test.scala:466)
	at org.scalacheck.Platform$.runWorkers(Platform.scala:40)
	at org.scalacheck.Test$.check(Test.scala:466)
	at org.scalatestplus.scalacheck.UnitCheckerAsserting$CheckerAssertingImpl.check(CheckerAsserting.scala:90)
	... 65 more
</failure>
                    </testcase><testcase classname="directed.StrictGraphDefaultImplSpec" name="StrictGraphDefaultImpl.- must revert back the + operator applied on an actual new vertex" time="0.022">
                      
                    </testcase><testcase classname="directed.StrictGraphDefaultImplSpec" name="StrictGraphDefaultImpl.+| must contain input arc" time="0.007">
                      
                    </testcase><testcase classname="directed.StrictGraphDefaultImplSpec" name="StrictGraphDefaultImpl.+| must contain ends of input arc" time="0.005">
                      
                    </testcase><testcase classname="directed.StrictGraphDefaultImplSpec" name="StrictGraphDefaultImpl.+| must return input graph if input arc is already in graph" time="0.009">
                      
                    </testcase><testcase classname="directed.StrictGraphDefaultImplSpec" name="StrictGraphDefaultImpl.-| must NOT contain input arc" time="0.005">
                      
                    </testcase><testcase classname="directed.StrictGraphDefaultImplSpec" name="StrictGraphDefaultImpl.-| must return input graph if input arc is not already in graph" time="0.015">
                      
                    </testcase><testcase classname="directed.StrictGraphDefaultImplSpec" name="StrictGraphDefaultImpl.-| must have ends removed from successors if an actual vertex of graph" time="0.011">
                      
                    </testcase><testcase classname="directed.StrictGraphDefaultImplSpec" name="StrictGraphDefaultImpl.-| must have degree updated for both ends if an actual vertex of graph" time="0.001">
                      <failure message="NotImplementedError was thrown during property evaluation.
  Message: an implementation is missing
  Occurred when passed generated values (
    arg0 = (({5, 9, 7, 3, 4}, {5 -&gt; 7, 7 -&gt; 5, 7 -&gt; 3, 5 -&gt; 3, 9 -&gt; 4, 5 -&gt; 4, 4 -&gt; 9, 4 -&gt; 7, 9 -&gt; 5, 3 -&gt; 9}),5 -&gt; 7)
  )" type="org.scalatest.exceptions.GeneratorDrivenPropertyCheckFailedException">org.scalatest.exceptions.GeneratorDrivenPropertyCheckFailedException: NotImplementedError was thrown during property evaluation.
  Message: an implementation is missing
  Occurred when passed generated values (
    arg0 = (({5, 9, 7, 3, 4}, {5 -&gt; 7, 7 -&gt; 5, 7 -&gt; 3, 5 -&gt; 3, 9 -&gt; 4, 5 -&gt; 4, 4 -&gt; 9, 4 -&gt; 7, 9 -&gt; 5, 3 -&gt; 9}),5 -&gt; 7)
  )
	at org.scalatestplus.scalacheck.CheckerAsserting$$anon$2.indicateFailure(CheckerAsserting.scala:251)
	at org.scalatestplus.scalacheck.CheckerAsserting$$anon$2.indicateFailure(CheckerAsserting.scala:238)
	at org.scalatestplus.scalacheck.UnitCheckerAsserting$CheckerAssertingImpl.check(CheckerAsserting.scala:160)
	at org.scalatestplus.scalacheck.ScalaCheckDrivenPropertyChecks.forAll(ScalaCheckDrivenPropertyChecks.scala:1007)
	at org.scalatestplus.scalacheck.ScalaCheckDrivenPropertyChecks.forAll$(ScalaCheckDrivenPropertyChecks.scala:976)
	at org.scalatestplus.scalacheck.ScalaCheckPropertyChecks$.forAll(ScalaCheckPropertyChecks.scala:109)
	at directed.StrictGraphSpec.$anonfun$new$39(StrictGraphSpec.scala:65)
	at org.scalatest.OutcomeOf.outcomeOf(OutcomeOf.scala:85)
	at org.scalatest.OutcomeOf.outcomeOf$(OutcomeOf.scala:83)
	at org.scalatest.OutcomeOf$.outcomeOf(OutcomeOf.scala:104)
	at org.scalatest.Transformer.apply(Transformer.scala:22)
	at org.scalatest.Transformer.apply(Transformer.scala:20)
	at org.scalatest.flatspec.AnyFlatSpecLike$$anon$5.apply(AnyFlatSpecLike.scala:1812)
	at org.scalatest.TestSuite.withFixture(TestSuite.scala:196)
	at org.scalatest.TestSuite.withFixture$(TestSuite.scala:195)
	at org.scalatest.flatspec.AnyFlatSpec.withFixture(AnyFlatSpec.scala:1685)
	at org.scalatest.flatspec.AnyFlatSpecLike.invokeWithFixture$1(AnyFlatSpecLike.scala:1810)
	at org.scalatest.flatspec.AnyFlatSpecLike.$anonfun$runTest$1(AnyFlatSpecLike.scala:1822)
	at org.scalatest.SuperEngine.runTestImpl(Engine.scala:306)
	at org.scalatest.flatspec.AnyFlatSpecLike.runTest(AnyFlatSpecLike.scala:1822)
	at org.scalatest.flatspec.AnyFlatSpecLike.runTest$(AnyFlatSpecLike.scala:1804)
	at org.scalatest.flatspec.AnyFlatSpec.runTest(AnyFlatSpec.scala:1685)
	at org.scalatest.flatspec.AnyFlatSpecLike.$anonfun$runTests$1(AnyFlatSpecLike.scala:1880)
	at org.scalatest.SuperEngine.$anonfun$runTestsInBranch$1(Engine.scala:413)
	at scala.collection.immutable.List.foreach(List.scala:333)
	at org.scalatest.SuperEngine.traverseSubNodes$1(Engine.scala:401)
	at org.scalatest.SuperEngine.runTestsInBranch(Engine.scala:390)
	at org.scalatest.SuperEngine.$anonfun$runTestsInBranch$1(Engine.scala:427)
	at scala.collection.immutable.List.foreach(List.scala:333)
	at org.scalatest.SuperEngine.traverseSubNodes$1(Engine.scala:401)
	at org.scalatest.SuperEngine.runTestsInBranch(Engine.scala:396)
	at org.scalatest.SuperEngine.runTestsImpl(Engine.scala:475)
	at org.scalatest.flatspec.AnyFlatSpecLike.runTests(AnyFlatSpecLike.scala:1880)
	at org.scalatest.flatspec.AnyFlatSpecLike.runTests$(AnyFlatSpecLike.scala:1879)
	at org.scalatest.flatspec.AnyFlatSpec.runTests(AnyFlatSpec.scala:1685)
	at org.scalatest.Suite.run(Suite.scala:1112)
	at org.scalatest.Suite.run$(Suite.scala:1094)
	at org.scalatest.flatspec.AnyFlatSpec.org$scalatest$flatspec$AnyFlatSpecLike$$super$run(AnyFlatSpec.scala:1685)
	at org.scalatest.flatspec.AnyFlatSpecLike.$anonfun$run$1(AnyFlatSpecLike.scala:1925)
	at org.scalatest.SuperEngine.runImpl(Engine.scala:535)
	at org.scalatest.flatspec.AnyFlatSpecLike.run(AnyFlatSpecLike.scala:1925)
	at org.scalatest.flatspec.AnyFlatSpecLike.run$(AnyFlatSpecLike.scala:1923)
	at org.scalatest.flatspec.AnyFlatSpec.run(AnyFlatSpec.scala:1685)
	at org.scalatest.tools.Framework.org$scalatest$tools$Framework$$runSuite(Framework.scala:318)
	at org.scalatest.tools.Framework$ScalaTestTask.execute(Framework.scala:513)
	at sbt.TestRunner.runTest$1(TestFramework.scala:140)
	at sbt.TestRunner.run(TestFramework.scala:155)
	at sbt.TestFramework$$anon$3$$anonfun$$lessinit$greater$1.$anonfun$apply$1(TestFramework.scala:318)
	at sbt.TestFramework$.sbt$TestFramework$$withContextLoader(TestFramework.scala:278)
	at sbt.TestFramework$$anon$3$$anonfun$$lessinit$greater$1.apply(TestFramework.scala:318)
	at sbt.TestFramework$$anon$3$$anonfun$$lessinit$greater$1.apply(TestFramework.scala:318)
	at sbt.TestFunction.apply(TestFramework.scala:330)
	at sbt.Tests$.$anonfun$toTask$1(Tests.scala:435)
	at sbt.std.Transform$$anon$3.$anonfun$apply$2(Transform.scala:46)
	at sbt.std.Transform$$anon$4.work(Transform.scala:68)
	at sbt.Execute.$anonfun$submit$2(Execute.scala:282)
	at sbt.internal.util.ErrorHandling$.wideConvert(ErrorHandling.scala:23)
	at sbt.Execute.work(Execute.scala:291)
	at sbt.Execute.$anonfun$submit$1(Execute.scala:282)
	at sbt.ConcurrentRestrictions$$anon$4.$anonfun$submitValid$1(ConcurrentRestrictions.scala:265)
	at sbt.CompletionService$$anon$2.call(CompletionService.scala:64)
	at java.base/java.util.concurrent.FutureTask.run(FutureTask.java:264)
	at java.base/java.util.concurrent.Executors$RunnableAdapter.call(Executors.java:515)
	at java.base/java.util.concurrent.FutureTask.run(FutureTask.java:264)
	at java.base/java.util.concurrent.ThreadPoolExecutor.runWorker(ThreadPoolExecutor.java:1128)
	at java.base/java.util.concurrent.ThreadPoolExecutor$Worker.run(ThreadPoolExecutor.java:628)
	at java.base/java.lang.Thread.run(Thread.java:829)
Caused by: scala.NotImplementedError: an implementation is missing
	at scala.Predef$.$qmark$qmark$qmark(Predef.scala:344)
	at directed.StrictGraph.degreeOf(StrictGraph.scala:37)
	at directed.StrictGraph.degreeOf$(StrictGraph.scala:37)
	at directed.StrictGraphDefaultImpl.degreeOf(StrictGraphDefaultImpl.scala:8)
	at directed.StrictGraphSpec.$anonfun$new$40(StrictGraphSpec.scala:65)
	at org.scalatestplus.scalacheck.ScalaCheckDrivenPropertyChecks.liftedTree9$1(ScalaCheckDrivenPropertyChecks.scala:987)
	at org.scalatestplus.scalacheck.ScalaCheckDrivenPropertyChecks.$anonfun$forAll$7(ScalaCheckDrivenPropertyChecks.scala:986)
	at org.scalacheck.Prop$.$anonfun$forAllShrink$2(Prop.scala:768)
	at org.scalacheck.Prop$.secure(Prop.scala:478)
	at org.scalacheck.Prop$.result$1(Prop.scala:768)
	at org.scalacheck.Prop$.$anonfun$forAllShrink$1(Prop.scala:807)
	at org.scalacheck.Prop$.$anonfun$apply$1(Prop.scala:308)
	at org.scalacheck.PropFromFun.apply(Prop.scala:21)
	at org.scalacheck.Test$.workerFun$1(Test.scala:434)
	at org.scalacheck.Test$.$anonfun$check$2(Test.scala:466)
	at org.scalacheck.Test$.$anonfun$check$2$adapted(Test.scala:466)
	at org.scalacheck.Platform$.runWorkers(Platform.scala:40)
	at org.scalacheck.Test$.check(Test.scala:466)
	at org.scalatestplus.scalacheck.UnitCheckerAsserting$CheckerAssertingImpl.check(CheckerAsserting.scala:90)
	... 64 more
</failure>
                    </testcase><testcase classname="directed.StrictGraphDefaultImplSpec" name="StrictGraphDefaultImpl.withoutArc must let vertex set unchanged" time="0.001">
                      
                    </testcase><testcase classname="directed.StrictGraphDefaultImplSpec" name="StrictGraphDefaultImpl.withoutArc must have empty arc set" time="0.005">
                      
                    </testcase><testcase classname="directed.StrictGraphDefaultImplSpec" name="StrictGraphDefaultImpl.withoutArc must have empty successors for any vertex" time="0.006">
                      
                    </testcase><testcase classname="directed.StrictGraphDefaultImplSpec" name="StrictGraphDefaultImpl.withoutArc must have zero degree for any vertex" time="0.002">
                      <failure message="NotImplementedError was thrown during property evaluation.
  Message: an implementation is missing
  Occurred when passed generated values (
    arg0 = ({4, 10, 8}, {8 -&gt; 4, 4 -&gt; 8})
  )" type="org.scalatest.exceptions.GeneratorDrivenPropertyCheckFailedException">org.scalatest.exceptions.GeneratorDrivenPropertyCheckFailedException: NotImplementedError was thrown during property evaluation.
  Message: an implementation is missing
  Occurred when passed generated values (
    arg0 = ({4, 10, 8}, {8 -&gt; 4, 4 -&gt; 8})
  )
	at org.scalatestplus.scalacheck.CheckerAsserting$$anon$2.indicateFailure(CheckerAsserting.scala:251)
	at org.scalatestplus.scalacheck.CheckerAsserting$$anon$2.indicateFailure(CheckerAsserting.scala:238)
	at org.scalatestplus.scalacheck.UnitCheckerAsserting$CheckerAssertingImpl.check(CheckerAsserting.scala:160)
	at org.scalatestplus.scalacheck.ScalaCheckDrivenPropertyChecks.forAll(ScalaCheckDrivenPropertyChecks.scala:1007)
	at org.scalatestplus.scalacheck.ScalaCheckDrivenPropertyChecks.forAll$(ScalaCheckDrivenPropertyChecks.scala:976)
	at org.scalatestplus.scalacheck.ScalaCheckPropertyChecks$.forAll(ScalaCheckPropertyChecks.scala:109)
	at directed.StrictGraphSpec.$anonfun$new$50(StrictGraphSpec.scala:75)
	at org.scalatest.OutcomeOf.outcomeOf(OutcomeOf.scala:85)
	at org.scalatest.OutcomeOf.outcomeOf$(OutcomeOf.scala:83)
	at org.scalatest.OutcomeOf$.outcomeOf(OutcomeOf.scala:104)
	at org.scalatest.Transformer.apply(Transformer.scala:22)
	at org.scalatest.Transformer.apply(Transformer.scala:20)
	at org.scalatest.flatspec.AnyFlatSpecLike$$anon$5.apply(AnyFlatSpecLike.scala:1812)
	at org.scalatest.TestSuite.withFixture(TestSuite.scala:196)
	at org.scalatest.TestSuite.withFixture$(TestSuite.scala:195)
	at org.scalatest.flatspec.AnyFlatSpec.withFixture(AnyFlatSpec.scala:1685)
	at org.scalatest.flatspec.AnyFlatSpecLike.invokeWithFixture$1(AnyFlatSpecLike.scala:1810)
	at org.scalatest.flatspec.AnyFlatSpecLike.$anonfun$runTest$1(AnyFlatSpecLike.scala:1822)
	at org.scalatest.SuperEngine.runTestImpl(Engine.scala:306)
	at org.scalatest.flatspec.AnyFlatSpecLike.runTest(AnyFlatSpecLike.scala:1822)
	at org.scalatest.flatspec.AnyFlatSpecLike.runTest$(AnyFlatSpecLike.scala:1804)
	at org.scalatest.flatspec.AnyFlatSpec.runTest(AnyFlatSpec.scala:1685)
	at org.scalatest.flatspec.AnyFlatSpecLike.$anonfun$runTests$1(AnyFlatSpecLike.scala:1880)
	at org.scalatest.SuperEngine.$anonfun$runTestsInBranch$1(Engine.scala:413)
	at scala.collection.immutable.List.foreach(List.scala:333)
	at org.scalatest.SuperEngine.traverseSubNodes$1(Engine.scala:401)
	at org.scalatest.SuperEngine.runTestsInBranch(Engine.scala:390)
	at org.scalatest.SuperEngine.$anonfun$runTestsInBranch$1(Engine.scala:427)
	at scala.collection.immutable.List.foreach(List.scala:333)
	at org.scalatest.SuperEngine.traverseSubNodes$1(Engine.scala:401)
	at org.scalatest.SuperEngine.runTestsInBranch(Engine.scala:396)
	at org.scalatest.SuperEngine.runTestsImpl(Engine.scala:475)
	at org.scalatest.flatspec.AnyFlatSpecLike.runTests(AnyFlatSpecLike.scala:1880)
	at org.scalatest.flatspec.AnyFlatSpecLike.runTests$(AnyFlatSpecLike.scala:1879)
	at org.scalatest.flatspec.AnyFlatSpec.runTests(AnyFlatSpec.scala:1685)
	at org.scalatest.Suite.run(Suite.scala:1112)
	at org.scalatest.Suite.run$(Suite.scala:1094)
	at org.scalatest.flatspec.AnyFlatSpec.org$scalatest$flatspec$AnyFlatSpecLike$$super$run(AnyFlatSpec.scala:1685)
	at org.scalatest.flatspec.AnyFlatSpecLike.$anonfun$run$1(AnyFlatSpecLike.scala:1925)
	at org.scalatest.SuperEngine.runImpl(Engine.scala:535)
	at org.scalatest.flatspec.AnyFlatSpecLike.run(AnyFlatSpecLike.scala:1925)
	at org.scalatest.flatspec.AnyFlatSpecLike.run$(AnyFlatSpecLike.scala:1923)
	at org.scalatest.flatspec.AnyFlatSpec.run(AnyFlatSpec.scala:1685)
	at org.scalatest.tools.Framework.org$scalatest$tools$Framework$$runSuite(Framework.scala:318)
	at org.scalatest.tools.Framework$ScalaTestTask.execute(Framework.scala:513)
	at sbt.TestRunner.runTest$1(TestFramework.scala:140)
	at sbt.TestRunner.run(TestFramework.scala:155)
	at sbt.TestFramework$$anon$3$$anonfun$$lessinit$greater$1.$anonfun$apply$1(TestFramework.scala:318)
	at sbt.TestFramework$.sbt$TestFramework$$withContextLoader(TestFramework.scala:278)
	at sbt.TestFramework$$anon$3$$anonfun$$lessinit$greater$1.apply(TestFramework.scala:318)
	at sbt.TestFramework$$anon$3$$anonfun$$lessinit$greater$1.apply(TestFramework.scala:318)
	at sbt.TestFunction.apply(TestFramework.scala:330)
	at sbt.Tests$.$anonfun$toTask$1(Tests.scala:435)
	at sbt.std.Transform$$anon$3.$anonfun$apply$2(Transform.scala:46)
	at sbt.std.Transform$$anon$4.work(Transform.scala:68)
	at sbt.Execute.$anonfun$submit$2(Execute.scala:282)
	at sbt.internal.util.ErrorHandling$.wideConvert(ErrorHandling.scala:23)
	at sbt.Execute.work(Execute.scala:291)
	at sbt.Execute.$anonfun$submit$1(Execute.scala:282)
	at sbt.ConcurrentRestrictions$$anon$4.$anonfun$submitValid$1(ConcurrentRestrictions.scala:265)
	at sbt.CompletionService$$anon$2.call(CompletionService.scala:64)
	at java.base/java.util.concurrent.FutureTask.run(FutureTask.java:264)
	at java.base/java.util.concurrent.Executors$RunnableAdapter.call(Executors.java:515)
	at java.base/java.util.concurrent.FutureTask.run(FutureTask.java:264)
	at java.base/java.util.concurrent.ThreadPoolExecutor.runWorker(ThreadPoolExecutor.java:1128)
	at java.base/java.util.concurrent.ThreadPoolExecutor$Worker.run(ThreadPoolExecutor.java:628)
	at java.base/java.lang.Thread.run(Thread.java:829)
Caused by: scala.NotImplementedError: an implementation is missing
	at scala.Predef$.$qmark$qmark$qmark(Predef.scala:344)
	at directed.StrictGraph.degreeOf(StrictGraph.scala:37)
	at directed.StrictGraph.degreeOf$(StrictGraph.scala:37)
	at directed.StrictGraphDefaultImpl.degreeOf(StrictGraphDefaultImpl.scala:8)
	at directed.StrictGraphSpec.$anonfun$new$52(StrictGraphSpec.scala:75)
	at directed.StrictGraphSpec.$anonfun$new$52$adapted(StrictGraphSpec.scala:75)
	at scala.collection.immutable.Set$Set3.forall(Set.scala:258)
	at directed.StrictGraphSpec.$anonfun$new$51(StrictGraphSpec.scala:75)
	at org.scalatestplus.scalacheck.ScalaCheckDrivenPropertyChecks.liftedTree9$1(ScalaCheckDrivenPropertyChecks.scala:987)
	at org.scalatestplus.scalacheck.ScalaCheckDrivenPropertyChecks.$anonfun$forAll$7(ScalaCheckDrivenPropertyChecks.scala:986)
	at org.scalacheck.Prop$.$anonfun$forAllShrink$2(Prop.scala:768)
	at org.scalacheck.Prop$.secure(Prop.scala:478)
	at org.scalacheck.Prop$.result$1(Prop.scala:768)
	at org.scalacheck.Prop$.$anonfun$forAllShrink$1(Prop.scala:807)
	at org.scalacheck.Prop$.$anonfun$apply$1(Prop.scala:308)
	at org.scalacheck.PropFromFun.apply(Prop.scala:21)
	at org.scalacheck.Test$.workerFun$1(Test.scala:434)
	at org.scalacheck.Test$.$anonfun$check$2(Test.scala:466)
	at org.scalacheck.Test$.$anonfun$check$2$adapted(Test.scala:466)
	at org.scalacheck.Platform$.runWorkers(Platform.scala:40)
	at org.scalacheck.Test$.check(Test.scala:466)
	at org.scalatestplus.scalacheck.UnitCheckerAsserting$CheckerAssertingImpl.check(CheckerAsserting.scala:90)
	... 64 more
</failure>
                    </testcase>
          <system-out><![CDATA[]]></system-out>
          <system-err><![CDATA[]]></system-err>
        </testsuite>