<?xml version='1.0' encoding='UTF-8'?>
<testsuite hostname="FGACERPRED" name="directed.StrictGraphDefaultImplSpec" tests="22" errors="0" failures="4" skipped="0" time="0.781" timestamp="2022-03-04T21:38:18">
          <properties>
[...]
</properties>
          <testcase classname="directed.StrictGraphDefaultImplSpec" name="StrictGraphDefaultImpl.successorsOf must yield None if input is not an actual vertex of graph" time="0.294">
                      
                    </testcase><testcase classname="directed.StrictGraphDefaultImplSpec" name="StrictGraphDefaultImpl.successorsOf must yield a subset of vertex set if input is an actual vertex of graph" time="0.018">
                      
                    </testcase><testcase classname="directed.StrictGraphDefaultImplSpec" name="StrictGraphDefaultImpl.successorsOf must yield a set of adjacent vertices" time="0.021">
                      
                    </testcase><testcase classname="directed.StrictGraphDefaultImplSpec" name="StrictGraphDefaultImpl.+ must contain input vertex" time="0.008">
                      
                    </testcase><testcase classname="directed.StrictGraphDefaultImplSpec" name="StrictGraphDefaultImpl.+ must return input graph if input vertex is already in graph" time="0.014">
                      
                    </testcase><testcase classname="directed.StrictGraphDefaultImplSpec" name="StrictGraphDefaultImpl.+ must have input vertex with degree 0 if not an actual vertex of graph" time="0.035">
                      <failure message="NotImplementedError was thrown during property evaluation.
  Message: an implementation is missing
  Occurred when passed generated values (
    arg0 = (({10, 9, 2, 1}, {1 -&gt; 10, 2 -&gt; 9, 9 -&gt; 10, 1 -&gt; 9, 9 -&gt; 1, 10 -&gt; 1, 2 -&gt; 1, 9 -&gt; 2}),8)
  )" type="org.scalatest.exceptions.GeneratorDrivenPropertyCheckFailedException">org.scalatest.exceptions.GeneratorDrivenPropertyCheckFailedException: NotImplementedError was thrown during property evaluation.
  Message: an implementation is missing
  Occurred when passed generated values (
    arg0 = (({10, 9, 2, 1}, {1 -&gt; 10, 2 -&gt; 9, 9 -&gt; 10, 1 -&gt; 9, 9 -&gt; 1, 10 -&gt; 1, 2 -&gt; 1, 9 -&gt; 2}),8)
  )
	at org.scalatestplus.scalacheck.CheckerAsserting$$anon$2.indicateFailure(CheckerAsserting.scala:251)
	at org.scalatestplus.scalacheck.CheckerAsserting$$anon$2.indicateFailure(CheckerAsserting.scala:238)
	at org.scalatestplus.scalacheck.UnitCheckerAsserting$CheckerAssertingImpl.check(CheckerAsserting.scala:160)
	at org.scalatestplus.scalacheck.ScalaCheckDrivenPropertyChecks.forAll(ScalaCheckDrivenPropertyChecks.scala:1007)
	at org.scalatestplus.scalacheck.ScalaCheckDrivenPropertyChecks.forAll$(ScalaCheckDrivenPropertyChecks.scala:976)
	at org.scalatestplus.scalacheck.ScalaCheckPropertyChecks$.forAll(ScalaCheckPropertyChecks.scala:109)
	at directed.StrictGraphSpec.$anonfun$new$13(StrictGraphSpec.scala:33)
	at org.scalatest.OutcomeOf.outcomeOf(OutcomeOf.scala:85)
	at org.scalatest.OutcomeOf.outcomeOf$(OutcomeOf.scala:83)
	at org.scalatest.OutcomeOf$.outcomeOf(OutcomeOf.scala:104)
	at org.scalatest.Transformer.apply(Transformer.scala:22)
	at org.scalatest.Transformer.apply(Transformer.scala:20)
	at org.scalatest.flatspec.AnyFlatSpecLike$$anon$5.apply(AnyFlatSpecLike.scala:1812)
	at org.scalatest.TestSuite.withFixture(TestSuite.scala:196)
	at org.scalatest.TestSuite.withFixture$(TestSuite.scala:195)
	at org.scalatest.flatspec.AnyFlatSpec.withFixture(AnyFlatSpec.scala:1685)
	at org.scalatest.flatspec.AnyFlatSpecLike.invokeWithFixture$1(AnyFlatSpecLike.scala:1810)
	at org.scalatest.flatspec.AnyFlatSpecLike.$anonfun$runTest$1(AnyFlatSpecLike.scala:1822)
	at org.scalatest.SuperEngine.runTestImpl(Engine.scala:306)
	at org.scalatest.flatspec.AnyFlatSpecLike.runTest(AnyFlatSpecLike.scala:1822)
	at org.scalatest.flatspec.AnyFlatSpecLike.runTest$(AnyFlatSpecLike.scala:1804)
	at org.scalatest.flatspec.AnyFlatSpec.runTest(AnyFlatSpec.scala:1685)
	at org.scalatest.flatspec.AnyFlatSpecLike.$anonfun$runTests$1(AnyFlatSpecLike.scala:1880)
	at org.scalatest.SuperEngine.$anonfun$runTestsInBranch$1(Engine.scala:413)
	at scala.collection.immutable.List.foreach(List.scala:333)
	at org.scalatest.SuperEngine.traverseSubNodes$1(Engine.scala:401)
	at org.scalatest.SuperEngine.runTestsInBranch(Engine.scala:390)
	at org.scalatest.SuperEngine.$anonfun$runTestsInBranch$1(Engine.scala:427)
	at scala.collection.immutable.List.foreach(List.scala:333)
	at org.scalatest.SuperEngine.traverseSubNodes$1(Engine.scala:401)
	at org.scalatest.SuperEngine.runTestsInBranch(Engine.scala:396)
	at org.scalatest.SuperEngine.runTestsImpl(Engine.scala:475)
	at org.scalatest.flatspec.AnyFlatSpecLike.runTests(AnyFlatSpecLike.scala:1880)
	at org.scalatest.flatspec.AnyFlatSpecLike.runTests$(AnyFlatSpecLike.scala:1879)
	at org.scalatest.flatspec.AnyFlatSpec.runTests(AnyFlatSpec.scala:1685)
	at org.scalatest.Suite.run(Suite.scala:1112)
	at org.scalatest.Suite.run$(Suite.scala:1094)
	at org.scalatest.flatspec.AnyFlatSpec.org$scalatest$flatspec$AnyFlatSpecLike$$super$run(AnyFlatSpec.scala:1685)
	at org.scalatest.flatspec.AnyFlatSpecLike.$anonfun$run$1(AnyFlatSpecLike.scala:1925)
	at org.scalatest.SuperEngine.runImpl(Engine.scala:535)
	at org.scalatest.flatspec.AnyFlatSpecLike.run(AnyFlatSpecLike.scala:1925)
	at org.scalatest.flatspec.AnyFlatSpecLike.run$(AnyFlatSpecLike.scala:1923)
	at org.scalatest.flatspec.AnyFlatSpec.run(AnyFlatSpec.scala:1685)
	at org.scalatest.tools.Framework.org$scalatest$tools$Framework$$runSuite(Framework.scala:318)
	at org.scalatest.tools.Framework$ScalaTestTask.execute(Framework.scala:513)
	at sbt.TestRunner.runTest$1(TestFramework.scala:140)
	at sbt.TestRunner.run(TestFramework.scala:155)
	at sbt.TestFramework$$anon$3$$anonfun$$lessinit$greater$1.$anonfun$apply$1(TestFramework.scala:318)
	at sbt.TestFramework$.sbt$TestFramework$$withContextLoader(TestFramework.scala:278)
	at sbt.TestFramework$$anon$3$$anonfun$$lessinit$greater$1.apply(TestFramework.scala:318)
	at sbt.TestFramework$$anon$3$$anonfun$$lessinit$greater$1.apply(TestFramework.scala:318)
	at sbt.TestFunction.apply(TestFramework.scala:330)
	at sbt.Tests$.$anonfun$toTask$1(Tests.scala:435)
	at sbt.std.Transform$$anon$3.$anonfun$apply$2(Transform.scala:46)
	at sbt.std.Transform$$anon$4.work(Transform.scala:68)
	at sbt.Execute.$anonfun$submit$2(Execute.scala:282)
	at sbt.internal.util.ErrorHandling$.wideConvert(ErrorHandling.scala:23)
	at sbt.Execute.work(Execute.scala:291)
	at sbt.Execute.$anonfun$submit$1(Execute.scala:282)
	at sbt.ConcurrentRestrictions$$anon$4.$anonfun$submitValid$1(ConcurrentRestrictions.scala:265)
	at sbt.CompletionService$$anon$2.call(CompletionService.scala:64)
	at java.base/java.util.concurrent.FutureTask.run(FutureTask.java:264)
	at java.base/java.util.concurrent.Executors$RunnableAdapter.call(Executors.java:539)
	at java.base/java.util.concurrent.FutureTask.run(FutureTask.java:264)
	at java.base/java.util.concurrent.ThreadPoolExecutor.runWorker(ThreadPoolExecutor.java:1136)
	at java.base/java.util.concurrent.ThreadPoolExecutor$Worker.run(ThreadPoolExecutor.java:635)
	at java.base/java.lang.Thread.run(Thread.java:833)
Caused by: scala.NotImplementedError: an implementation is missing
	at scala.Predef$.$qmark$qmark$qmark(Predef.scala:344)
	at directed.StrictGraph.degreeOf(StrictGraph.scala:37)
	at directed.StrictGraph.degreeOf$(StrictGraph.scala:37)
	at directed.StrictGraphDefaultImpl.degreeOf(StrictGraphDefaultImpl.scala:8)
	at directed.StrictGraphSpec.$anonfun$new$14(StrictGraphSpec.scala:33)
	at org.scalatestplus.scalacheck.ScalaCheckDrivenPropertyChecks.liftedTree9$1(ScalaCheckDrivenPropertyChecks.scala:987)
	at org.scalatestplus.scalacheck.ScalaCheckDrivenPropertyChecks.$anonfun$forAll$7(ScalaCheckDrivenPropertyChecks.scala:986)
	at org.scalacheck.Prop$.$anonfun$forAllShrink$2(Prop.scala:768)
	at org.scalacheck.Prop$.secure(Prop.scala:478)
	at org.scalacheck.Prop$.result$1(Prop.scala:768)
	at org.scalacheck.Prop$.$anonfun$forAllShrink$1(Prop.scala:807)
	at org.scalacheck.Prop$.$anonfun$apply$1(Prop.scala:308)
	at org.scalacheck.PropFromFun.apply(Prop.scala:21)
	at org.scalacheck.Test$.workerFun$1(Test.scala:434)
	at org.scalacheck.Test$.$anonfun$check$2(Test.scala:466)
	at org.scalacheck.Test$.$anonfun$check$2$adapted(Test.scala:466)
	at org.scalacheck.Platform$.runWorkers(Platform.scala:40)
	at org.scalacheck.Test$.check(Test.scala:466)
	at org.scalatestplus.scalacheck.UnitCheckerAsserting$CheckerAssertingImpl.check(CheckerAsserting.scala:90)
	... 64 more
</failure>
                    </testcase><testcase classname="directed.StrictGraphDefaultImplSpec" name="StrictGraphDefaultImpl.- must NOT contain input vertex" time="0.025">
                      
                    </testcase><testcase classname="directed.StrictGraphDefaultImplSpec" name="StrictGraphDefaultImpl.- must return input graph if input vertex is not already in graph" time="0.142">
                      
                    </testcase><testcase classname="directed.StrictGraphDefaultImplSpec" name="StrictGraphDefaultImpl.- must have input vertex removed from successors if an actual vertex of graph" time="0.113">
                      
                    </testcase><testcase classname="directed.StrictGraphDefaultImplSpec" name="StrictGraphDefaultImpl.- must have degree updated for all successors if an actual vertex of graph" time="0.002">
                      <failure message="NotImplementedError was thrown during property evaluation.
  Message: an implementation is missing
  Occurred when passed generated values (
    arg0 = (({9, 6, 3, 5}, {6 -&gt; 5, 3 -&gt; 5, 3 -&gt; 6, 5 -&gt; 9, 6 -&gt; 3, 5 -&gt; 3, 9 -&gt; 3, 6 -&gt; 9, 9 -&gt; 5, 3 -&gt; 9}),9)
  )" type="org.scalatest.exceptions.GeneratorDrivenPropertyCheckFailedException">org.scalatest.exceptions.GeneratorDrivenPropertyCheckFailedException: NotImplementedError was thrown during property evaluation.
  Message: an implementation is missing
  Occurred when passed generated values (
    arg0 = (({9, 6, 3, 5}, {6 -&gt; 5, 3 -&gt; 5, 3 -&gt; 6, 5 -&gt; 9, 6 -&gt; 3, 5 -&gt; 3, 9 -&gt; 3, 6 -&gt; 9, 9 -&gt; 5, 3 -&gt; 9}),9)
  )
	at org.scalatestplus.scalacheck.UnitCheckerAsserting$$anon$1.indicateFailure(CheckerAsserting.scala:190)
	at org.scalatestplus.scalacheck.UnitCheckerAsserting$$anon$1.indicateFailure(CheckerAsserting.scala:177)
	at org.scalatestplus.scalacheck.UnitCheckerAsserting$CheckerAssertingImpl.check(CheckerAsserting.scala:160)
	at org.scalatestplus.scalacheck.ScalaCheckDrivenPropertyChecks.forAll(ScalaCheckDrivenPropertyChecks.scala:1007)
	at org.scalatestplus.scalacheck.ScalaCheckDrivenPropertyChecks.forAll$(ScalaCheckDrivenPropertyChecks.scala:976)
	at org.scalatestplus.scalacheck.ScalaCheckPropertyChecks$.forAll(ScalaCheckPropertyChecks.scala:109)
	at directed.StrictGraphSpec.$anonfun$new$22(StrictGraphSpec.scala:43)
	at scala.runtime.java8.JFunction0$mcV$sp.apply(JFunction0$mcV$sp.scala:18)
	at org.scalatest.OutcomeOf.outcomeOf(OutcomeOf.scala:85)
	at org.scalatest.OutcomeOf.outcomeOf$(OutcomeOf.scala:83)
	at org.scalatest.OutcomeOf$.outcomeOf(OutcomeOf.scala:104)
	at org.scalatest.Transformer.apply(Transformer.scala:22)
	at org.scalatest.Transformer.apply(Transformer.scala:20)
	at org.scalatest.flatspec.AnyFlatSpecLike$$anon$5.apply(AnyFlatSpecLike.scala:1812)
	at org.scalatest.TestSuite.withFixture(TestSuite.scala:196)
	at org.scalatest.TestSuite.withFixture$(TestSuite.scala:195)
	at org.scalatest.flatspec.AnyFlatSpec.withFixture(AnyFlatSpec.scala:1685)
	at org.scalatest.flatspec.AnyFlatSpecLike.invokeWithFixture$1(AnyFlatSpecLike.scala:1810)
	at org.scalatest.flatspec.AnyFlatSpecLike.$anonfun$runTest$1(AnyFlatSpecLike.scala:1822)
	at org.scalatest.SuperEngine.runTestImpl(Engine.scala:306)
	at org.scalatest.flatspec.AnyFlatSpecLike.runTest(AnyFlatSpecLike.scala:1822)
	at org.scalatest.flatspec.AnyFlatSpecLike.runTest$(AnyFlatSpecLike.scala:1804)
	at org.scalatest.flatspec.AnyFlatSpec.runTest(AnyFlatSpec.scala:1685)
	at org.scalatest.flatspec.AnyFlatSpecLike.$anonfun$runTests$1(AnyFlatSpecLike.scala:1880)
	at org.scalatest.SuperEngine.$anonfun$runTestsInBranch$1(Engine.scala:413)
	at scala.collection.immutable.List.foreach(List.scala:333)
	at org.scalatest.SuperEngine.traverseSubNodes$1(Engine.scala:401)
	at org.scalatest.SuperEngine.runTestsInBranch(Engine.scala:390)
	at org.scalatest.SuperEngine.$anonfun$runTestsInBranch$1(Engine.scala:427)
	at scala.collection.immutable.List.foreach(List.scala:333)
	at org.scalatest.SuperEngine.traverseSubNodes$1(Engine.scala:401)
	at org.scalatest.SuperEngine.runTestsInBranch(Engine.scala:396)
	at org.scalatest.SuperEngine.runTestsImpl(Engine.scala:475)
	at org.scalatest.flatspec.AnyFlatSpecLike.runTests(AnyFlatSpecLike.scala:1880)
	at org.scalatest.flatspec.AnyFlatSpecLike.runTests$(AnyFlatSpecLike.scala:1879)
	at org.scalatest.flatspec.AnyFlatSpec.runTests(AnyFlatSpec.scala:1685)
	at org.scalatest.Suite.run(Suite.scala:1112)
	at org.scalatest.Suite.run$(Suite.scala:1094)
	at org.scalatest.flatspec.AnyFlatSpec.org$scalatest$flatspec$AnyFlatSpecLike$$super$run(AnyFlatSpec.scala:1685)
	at org.scalatest.flatspec.AnyFlatSpecLike.$anonfun$run$1(AnyFlatSpecLike.scala:1925)
	at org.scalatest.SuperEngine.runImpl(Engine.scala:535)
	at org.scalatest.flatspec.AnyFlatSpecLike.run(AnyFlatSpecLike.scala:1925)
	at org.scalatest.flatspec.AnyFlatSpecLike.run$(AnyFlatSpecLike.scala:1923)
	at org.scalatest.flatspec.AnyFlatSpec.run(AnyFlatSpec.scala:1685)
	at org.scalatest.tools.Framework.org$scalatest$tools$Framework$$runSuite(Framework.scala:318)
	at org.scalatest.tools.Framework$ScalaTestTask.execute(Framework.scala:513)
	at sbt.TestRunner.runTest$1(TestFramework.scala:140)
	at sbt.TestRunner.run(TestFramework.scala:155)
	at sbt.TestFramework$$anon$3$$anonfun$$lessinit$greater$1.$anonfun$apply$1(TestFramework.scala:318)
	at sbt.TestFramework$.sbt$TestFramework$$withContextLoader(TestFramework.scala:278)
	at sbt.TestFramework$$anon$3$$anonfun$$lessinit$greater$1.apply(TestFramework.scala:318)
	at sbt.TestFramework$$anon$3$$anonfun$$lessinit$greater$1.apply(TestFramework.scala:318)
	at sbt.TestFunction.apply(TestFramework.scala:330)
	at sbt.Tests$.$anonfun$toTask$1(Tests.scala:435)
	at sbt.std.Transform$$anon$3.$anonfun$apply$2(Transform.scala:46)
	at sbt.std.Transform$$anon$4.work(Transform.scala:68)
	at sbt.Execute.$anonfun$submit$2(Execute.scala:282)
	at sbt.internal.util.ErrorHandling$.wideConvert(ErrorHandling.scala:23)
	at sbt.Execute.work(Execute.scala:291)
	at sbt.Execute.$anonfun$submit$1(Execute.scala:282)
	at sbt.ConcurrentRestrictions$$anon$4.$anonfun$submitValid$1(ConcurrentRestrictions.scala:265)
	at sbt.CompletionService$$anon$2.call(CompletionService.scala:64)
	at java.base/java.util.concurrent.FutureTask.run(FutureTask.java:264)
	at java.base/java.util.concurrent.Executors$RunnableAdapter.call(Executors.java:539)
	at java.base/java.util.concurrent.FutureTask.run(FutureTask.java:264)
	at java.base/java.util.concurrent.ThreadPoolExecutor.runWorker(ThreadPoolExecutor.java:1136)
	at java.base/java.util.concurrent.ThreadPoolExecutor$Worker.run(ThreadPoolExecutor.java:635)
	at java.base/java.lang.Thread.run(Thread.java:833)
Caused by: scala.NotImplementedError: an implementation is missing
	at scala.Predef$.$qmark$qmark$qmark(Predef.scala:344)
	at directed.StrictGraph.degreeOf(StrictGraph.scala:37)
	at directed.StrictGraph.degreeOf$(StrictGraph.scala:37)
	at directed.StrictGraphDefaultImpl.degreeOf(StrictGraphDefaultImpl.scala:8)
	at directed.StrictGraphSpec.$anonfun$new$24(StrictGraphSpec.scala:43)
	at directed.StrictGraphSpec.$anonfun$new$24$adapted(StrictGraphSpec.scala:43)
	at scala.collection.immutable.Set$Set2.forall(Set.scala:207)
	at directed.StrictGraphSpec.$anonfun$new$23(StrictGraphSpec.scala:43)
	at directed.StrictGraphSpec.$anonfun$new$23$adapted(StrictGraphSpec.scala:43)
	at org.scalatestplus.scalacheck.ScalaCheckDrivenPropertyChecks.liftedTree9$1(ScalaCheckDrivenPropertyChecks.scala:987)
	at org.scalatestplus.scalacheck.ScalaCheckDrivenPropertyChecks.$anonfun$forAll$7(ScalaCheckDrivenPropertyChecks.scala:986)
	at org.scalacheck.Prop$.$anonfun$forAllShrink$2(Prop.scala:768)
	at org.scalacheck.Prop$.secure(Prop.scala:478)
	at org.scalacheck.Prop$.result$1(Prop.scala:768)
	at org.scalacheck.Prop$.$anonfun$forAllShrink$1(Prop.scala:807)
	at org.scalacheck.Prop$.$anonfun$apply$1(Prop.scala:308)
	at org.scalacheck.PropFromFun.apply(Prop.scala:21)
	at org.scalacheck.Test$.workerFun$1(Test.scala:434)
	at org.scalacheck.Test$.$anonfun$check$2(Test.scala:466)
	at org.scalacheck.Test$.$anonfun$check$2$adapted(Test.scala:466)
	at org.scalacheck.Platform$.runWorkers(Platform.scala:40)
	at org.scalacheck.Test$.check(Test.scala:466)
	at org.scalatestplus.scalacheck.UnitCheckerAsserting$CheckerAssertingImpl.check(CheckerAsserting.scala:90)
	... 65 more
</failure>
                    </testcase><testcase classname="directed.StrictGraphDefaultImplSpec" name="StrictGraphDefaultImpl.- must revert back the + operator applied on an actual new vertex" time="0.031">
                      
                    </testcase><testcase classname="directed.StrictGraphDefaultImplSpec" name="StrictGraphDefaultImpl.+| must contain input arc" time="0.004">
                      
                    </testcase><testcase classname="directed.StrictGraphDefaultImplSpec" name="StrictGraphDefaultImpl.+| must contain ends of input arc" time="0.006">
                      
                    </testcase><testcase classname="directed.StrictGraphDefaultImplSpec" name="StrictGraphDefaultImpl.+| must return input graph if input arc is already in graph" time="0.007">
                      
                    </testcase><testcase classname="directed.StrictGraphDefaultImplSpec" name="StrictGraphDefaultImpl.-| must NOT contain input arc" time="0.008">
                      
                    </testcase><testcase classname="directed.StrictGraphDefaultImplSpec" name="StrictGraphDefaultImpl.-| must return input graph if input arc is not already in graph" time="0.01">
                      
                    </testcase><testcase classname="directed.StrictGraphDefaultImplSpec" name="StrictGraphDefaultImpl.-| must have ends removed from successors if an actual vertex of graph" time="0.024">
                      
                    </testcase><testcase classname="directed.StrictGraphDefaultImplSpec" name="StrictGraphDefaultImpl.-| must have degree updated for both ends if an actual vertex of graph" time="0.002">
                      <failure message="NotImplementedError was thrown during property evaluation.
  Message: an implementation is missing
  Occurred when passed generated values (
    arg0 = (({10, 1, 2, 7, 3}, {3 -&gt; 10, 10 -&gt; 1, 2 -&gt; 7, 3 -&gt; 2, 1 -&gt; 3, 10 -&gt; 2, 7 -&gt; 10, 10 -&gt; 3, 1 -&gt; 7, 10 -&gt; 7, 3 -&gt; 1}),10 -&gt; 7)
  )" type="org.scalatest.exceptions.GeneratorDrivenPropertyCheckFailedException">org.scalatest.exceptions.GeneratorDrivenPropertyCheckFailedException: NotImplementedError was thrown during property evaluation.
  Message: an implementation is missing
  Occurred when passed generated values (
    arg0 = (({10, 1, 2, 7, 3}, {3 -&gt; 10, 10 -&gt; 1, 2 -&gt; 7, 3 -&gt; 2, 1 -&gt; 3, 10 -&gt; 2, 7 -&gt; 10, 10 -&gt; 3, 1 -&gt; 7, 10 -&gt; 7, 3 -&gt; 1}),10 -&gt; 7)
  )
	at org.scalatestplus.scalacheck.CheckerAsserting$$anon$2.indicateFailure(CheckerAsserting.scala:251)
	at org.scalatestplus.scalacheck.CheckerAsserting$$anon$2.indicateFailure(CheckerAsserting.scala:238)
	at org.scalatestplus.scalacheck.UnitCheckerAsserting$CheckerAssertingImpl.check(CheckerAsserting.scala:160)
	at org.scalatestplus.scalacheck.ScalaCheckDrivenPropertyChecks.forAll(ScalaCheckDrivenPropertyChecks.scala:1007)
	at org.scalatestplus.scalacheck.ScalaCheckDrivenPropertyChecks.forAll$(ScalaCheckDrivenPropertyChecks.scala:976)
	at org.scalatestplus.scalacheck.ScalaCheckPropertyChecks$.forAll(ScalaCheckPropertyChecks.scala:109)
	at directed.StrictGraphSpec.$anonfun$new$39(StrictGraphSpec.scala:65)
	at org.scalatest.OutcomeOf.outcomeOf(OutcomeOf.scala:85)
	at org.scalatest.OutcomeOf.outcomeOf$(OutcomeOf.scala:83)
	at org.scalatest.OutcomeOf$.outcomeOf(OutcomeOf.scala:104)
	at org.scalatest.Transformer.apply(Transformer.scala:22)
	at org.scalatest.Transformer.apply(Transformer.scala:20)
	at org.scalatest.flatspec.AnyFlatSpecLike$$anon$5.apply(AnyFlatSpecLike.scala:1812)
	at org.scalatest.TestSuite.withFixture(TestSuite.scala:196)
	at org.scalatest.TestSuite.withFixture$(TestSuite.scala:195)
	at org.scalatest.flatspec.AnyFlatSpec.withFixture(AnyFlatSpec.scala:1685)
	at org.scalatest.flatspec.AnyFlatSpecLike.invokeWithFixture$1(AnyFlatSpecLike.scala:1810)
	at org.scalatest.flatspec.AnyFlatSpecLike.$anonfun$runTest$1(AnyFlatSpecLike.scala:1822)
	at org.scalatest.SuperEngine.runTestImpl(Engine.scala:306)
	at org.scalatest.flatspec.AnyFlatSpecLike.runTest(AnyFlatSpecLike.scala:1822)
	at org.scalatest.flatspec.AnyFlatSpecLike.runTest$(AnyFlatSpecLike.scala:1804)
	at org.scalatest.flatspec.AnyFlatSpec.runTest(AnyFlatSpec.scala:1685)
	at org.scalatest.flatspec.AnyFlatSpecLike.$anonfun$runTests$1(AnyFlatSpecLike.scala:1880)
	at org.scalatest.SuperEngine.$anonfun$runTestsInBranch$1(Engine.scala:413)
	at scala.collection.immutable.List.foreach(List.scala:333)
	at org.scalatest.SuperEngine.traverseSubNodes$1(Engine.scala:401)
	at org.scalatest.SuperEngine.runTestsInBranch(Engine.scala:390)
	at org.scalatest.SuperEngine.$anonfun$runTestsInBranch$1(Engine.scala:427)
	at scala.collection.immutable.List.foreach(List.scala:333)
	at org.scalatest.SuperEngine.traverseSubNodes$1(Engine.scala:401)
	at org.scalatest.SuperEngine.runTestsInBranch(Engine.scala:396)
	at org.scalatest.SuperEngine.runTestsImpl(Engine.scala:475)
	at org.scalatest.flatspec.AnyFlatSpecLike.runTests(AnyFlatSpecLike.scala:1880)
	at org.scalatest.flatspec.AnyFlatSpecLike.runTests$(AnyFlatSpecLike.scala:1879)
	at org.scalatest.flatspec.AnyFlatSpec.runTests(AnyFlatSpec.scala:1685)
	at org.scalatest.Suite.run(Suite.scala:1112)
	at org.scalatest.Suite.run$(Suite.scala:1094)
	at org.scalatest.flatspec.AnyFlatSpec.org$scalatest$flatspec$AnyFlatSpecLike$$super$run(AnyFlatSpec.scala:1685)
	at org.scalatest.flatspec.AnyFlatSpecLike.$anonfun$run$1(AnyFlatSpecLike.scala:1925)
	at org.scalatest.SuperEngine.runImpl(Engine.scala:535)
	at org.scalatest.flatspec.AnyFlatSpecLike.run(AnyFlatSpecLike.scala:1925)
	at org.scalatest.flatspec.AnyFlatSpecLike.run$(AnyFlatSpecLike.scala:1923)
	at org.scalatest.flatspec.AnyFlatSpec.run(AnyFlatSpec.scala:1685)
	at org.scalatest.tools.Framework.org$scalatest$tools$Framework$$runSuite(Framework.scala:318)
	at org.scalatest.tools.Framework$ScalaTestTask.execute(Framework.scala:513)
	at sbt.TestRunner.runTest$1(TestFramework.scala:140)
	at sbt.TestRunner.run(TestFramework.scala:155)
	at sbt.TestFramework$$anon$3$$anonfun$$lessinit$greater$1.$anonfun$apply$1(TestFramework.scala:318)
	at sbt.TestFramework$.sbt$TestFramework$$withContextLoader(TestFramework.scala:278)
	at sbt.TestFramework$$anon$3$$anonfun$$lessinit$greater$1.apply(TestFramework.scala:318)
	at sbt.TestFramework$$anon$3$$anonfun$$lessinit$greater$1.apply(TestFramework.scala:318)
	at sbt.TestFunction.apply(TestFramework.scala:330)
	at sbt.Tests$.$anonfun$toTask$1(Tests.scala:435)
	at sbt.std.Transform$$anon$3.$anonfun$apply$2(Transform.scala:46)
	at sbt.std.Transform$$anon$4.work(Transform.scala:68)
	at sbt.Execute.$anonfun$submit$2(Execute.scala:282)
	at sbt.internal.util.ErrorHandling$.wideConvert(ErrorHandling.scala:23)
	at sbt.Execute.work(Execute.scala:291)
	at sbt.Execute.$anonfun$submit$1(Execute.scala:282)
	at sbt.ConcurrentRestrictions$$anon$4.$anonfun$submitValid$1(ConcurrentRestrictions.scala:265)
	at sbt.CompletionService$$anon$2.call(CompletionService.scala:64)
	at java.base/java.util.concurrent.FutureTask.run(FutureTask.java:264)
	at java.base/java.util.concurrent.Executors$RunnableAdapter.call(Executors.java:539)
	at java.base/java.util.concurrent.FutureTask.run(FutureTask.java:264)
	at java.base/java.util.concurrent.ThreadPoolExecutor.runWorker(ThreadPoolExecutor.java:1136)
	at java.base/java.util.concurrent.ThreadPoolExecutor$Worker.run(ThreadPoolExecutor.java:635)
	at java.base/java.lang.Thread.run(Thread.java:833)
Caused by: scala.NotImplementedError: an implementation is missing
	at scala.Predef$.$qmark$qmark$qmark(Predef.scala:344)
	at directed.StrictGraph.degreeOf(StrictGraph.scala:37)
	at directed.StrictGraph.degreeOf$(StrictGraph.scala:37)
	at directed.StrictGraphDefaultImpl.degreeOf(StrictGraphDefaultImpl.scala:8)
	at directed.StrictGraphSpec.$anonfun$new$40(StrictGraphSpec.scala:65)
	at org.scalatestplus.scalacheck.ScalaCheckDrivenPropertyChecks.liftedTree9$1(ScalaCheckDrivenPropertyChecks.scala:987)
	at org.scalatestplus.scalacheck.ScalaCheckDrivenPropertyChecks.$anonfun$forAll$7(ScalaCheckDrivenPropertyChecks.scala:986)
	at org.scalacheck.Prop$.$anonfun$forAllShrink$2(Prop.scala:768)
	at org.scalacheck.Prop$.secure(Prop.scala:478)
	at org.scalacheck.Prop$.result$1(Prop.scala:768)
	at org.scalacheck.Prop$.$anonfun$forAllShrink$1(Prop.scala:807)
	at org.scalacheck.Prop$.$anonfun$apply$1(Prop.scala:308)
	at org.scalacheck.PropFromFun.apply(Prop.scala:21)
	at org.scalacheck.Test$.workerFun$1(Test.scala:434)
	at org.scalacheck.Test$.$anonfun$check$2(Test.scala:466)
	at org.scalacheck.Test$.$anonfun$check$2$adapted(Test.scala:466)
	at org.scalacheck.Platform$.runWorkers(Platform.scala:40)
	at org.scalacheck.Test$.check(Test.scala:466)
	at org.scalatestplus.scalacheck.UnitCheckerAsserting$CheckerAssertingImpl.check(CheckerAsserting.scala:90)
	... 64 more
</failure>
                    </testcase><testcase classname="directed.StrictGraphDefaultImplSpec" name="StrictGraphDefaultImpl.withoutArc must let vertex set unchanged" time="0.005">
                      
                    </testcase><testcase classname="directed.StrictGraphDefaultImplSpec" name="StrictGraphDefaultImpl.withoutArc must have empty arc set" time="0.006">
                      
                    </testcase><testcase classname="directed.StrictGraphDefaultImplSpec" name="StrictGraphDefaultImpl.withoutArc must have empty successors for any vertex" time="0.004">
                      
                    </testcase><testcase classname="directed.StrictGraphDefaultImplSpec" name="StrictGraphDefaultImpl.withoutArc must have zero degree for any vertex" time="0.002">
                      <failure message="NotImplementedError was thrown during property evaluation.
  Message: an implementation is missing
  Occurred when passed generated values (
    arg0 = ({1}, {})
  )" type="org.scalatest.exceptions.GeneratorDrivenPropertyCheckFailedException">org.scalatest.exceptions.GeneratorDrivenPropertyCheckFailedException: NotImplementedError was thrown during property evaluation.
  Message: an implementation is missing
  Occurred when passed generated values (
    arg0 = ({1}, {})
  )
	at org.scalatestplus.scalacheck.CheckerAsserting$$anon$2.indicateFailure(CheckerAsserting.scala:251)
	at org.scalatestplus.scalacheck.CheckerAsserting$$anon$2.indicateFailure(CheckerAsserting.scala:238)
	at org.scalatestplus.scalacheck.UnitCheckerAsserting$CheckerAssertingImpl.check(CheckerAsserting.scala:160)
	at org.scalatestplus.scalacheck.ScalaCheckDrivenPropertyChecks.forAll(ScalaCheckDrivenPropertyChecks.scala:1007)
	at org.scalatestplus.scalacheck.ScalaCheckDrivenPropertyChecks.forAll$(ScalaCheckDrivenPropertyChecks.scala:976)
	at org.scalatestplus.scalacheck.ScalaCheckPropertyChecks$.forAll(ScalaCheckPropertyChecks.scala:109)
	at directed.StrictGraphSpec.$anonfun$new$50(StrictGraphSpec.scala:75)
	at org.scalatest.OutcomeOf.outcomeOf(OutcomeOf.scala:85)
	at org.scalatest.OutcomeOf.outcomeOf$(OutcomeOf.scala:83)
	at org.scalatest.OutcomeOf$.outcomeOf(OutcomeOf.scala:104)
	at org.scalatest.Transformer.apply(Transformer.scala:22)
	at org.scalatest.Transformer.apply(Transformer.scala:20)
	at org.scalatest.flatspec.AnyFlatSpecLike$$anon$5.apply(AnyFlatSpecLike.scala:1812)
	at org.scalatest.TestSuite.withFixture(TestSuite.scala:196)
	at org.scalatest.TestSuite.withFixture$(TestSuite.scala:195)
	at org.scalatest.flatspec.AnyFlatSpec.withFixture(AnyFlatSpec.scala:1685)
	at org.scalatest.flatspec.AnyFlatSpecLike.invokeWithFixture$1(AnyFlatSpecLike.scala:1810)
	at org.scalatest.flatspec.AnyFlatSpecLike.$anonfun$runTest$1(AnyFlatSpecLike.scala:1822)
	at org.scalatest.SuperEngine.runTestImpl(Engine.scala:306)
	at org.scalatest.flatspec.AnyFlatSpecLike.runTest(AnyFlatSpecLike.scala:1822)
	at org.scalatest.flatspec.AnyFlatSpecLike.runTest$(AnyFlatSpecLike.scala:1804)
	at org.scalatest.flatspec.AnyFlatSpec.runTest(AnyFlatSpec.scala:1685)
	at org.scalatest.flatspec.AnyFlatSpecLike.$anonfun$runTests$1(AnyFlatSpecLike.scala:1880)
	at org.scalatest.SuperEngine.$anonfun$runTestsInBranch$1(Engine.scala:413)
	at scala.collection.immutable.List.foreach(List.scala:333)
	at org.scalatest.SuperEngine.traverseSubNodes$1(Engine.scala:401)
	at org.scalatest.SuperEngine.runTestsInBranch(Engine.scala:390)
	at org.scalatest.SuperEngine.$anonfun$runTestsInBranch$1(Engine.scala:427)
	at scala.collection.immutable.List.foreach(List.scala:333)
	at org.scalatest.SuperEngine.traverseSubNodes$1(Engine.scala:401)
	at org.scalatest.SuperEngine.runTestsInBranch(Engine.scala:396)
	at org.scalatest.SuperEngine.runTestsImpl(Engine.scala:475)
	at org.scalatest.flatspec.AnyFlatSpecLike.runTests(AnyFlatSpecLike.scala:1880)
	at org.scalatest.flatspec.AnyFlatSpecLike.runTests$(AnyFlatSpecLike.scala:1879)
	at org.scalatest.flatspec.AnyFlatSpec.runTests(AnyFlatSpec.scala:1685)
	at org.scalatest.Suite.run(Suite.scala:1112)
	at org.scalatest.Suite.run$(Suite.scala:1094)
	at org.scalatest.flatspec.AnyFlatSpec.org$scalatest$flatspec$AnyFlatSpecLike$$super$run(AnyFlatSpec.scala:1685)
	at org.scalatest.flatspec.AnyFlatSpecLike.$anonfun$run$1(AnyFlatSpecLike.scala:1925)
	at org.scalatest.SuperEngine.runImpl(Engine.scala:535)
	at org.scalatest.flatspec.AnyFlatSpecLike.run(AnyFlatSpecLike.scala:1925)
	at org.scalatest.flatspec.AnyFlatSpecLike.run$(AnyFlatSpecLike.scala:1923)
	at org.scalatest.flatspec.AnyFlatSpec.run(AnyFlatSpec.scala:1685)
	at org.scalatest.tools.Framework.org$scalatest$tools$Framework$$runSuite(Framework.scala:318)
	at org.scalatest.tools.Framework$ScalaTestTask.execute(Framework.scala:513)
	at sbt.TestRunner.runTest$1(TestFramework.scala:140)
	at sbt.TestRunner.run(TestFramework.scala:155)
	at sbt.TestFramework$$anon$3$$anonfun$$lessinit$greater$1.$anonfun$apply$1(TestFramework.scala:318)
	at sbt.TestFramework$.sbt$TestFramework$$withContextLoader(TestFramework.scala:278)
	at sbt.TestFramework$$anon$3$$anonfun$$lessinit$greater$1.apply(TestFramework.scala:318)
	at sbt.TestFramework$$anon$3$$anonfun$$lessinit$greater$1.apply(TestFramework.scala:318)
	at sbt.TestFunction.apply(TestFramework.scala:330)
	at sbt.Tests$.$anonfun$toTask$1(Tests.scala:435)
	at sbt.std.Transform$$anon$3.$anonfun$apply$2(Transform.scala:46)
	at sbt.std.Transform$$anon$4.work(Transform.scala:68)
	at sbt.Execute.$anonfun$submit$2(Execute.scala:282)
	at sbt.internal.util.ErrorHandling$.wideConvert(ErrorHandling.scala:23)
	at sbt.Execute.work(Execute.scala:291)
	at sbt.Execute.$anonfun$submit$1(Execute.scala:282)
	at sbt.ConcurrentRestrictions$$anon$4.$anonfun$submitValid$1(ConcurrentRestrictions.scala:265)
	at sbt.CompletionService$$anon$2.call(CompletionService.scala:64)
	at java.base/java.util.concurrent.FutureTask.run(FutureTask.java:264)
	at java.base/java.util.concurrent.Executors$RunnableAdapter.call(Executors.java:539)
	at java.base/java.util.concurrent.FutureTask.run(FutureTask.java:264)
	at java.base/java.util.concurrent.ThreadPoolExecutor.runWorker(ThreadPoolExecutor.java:1136)
	at java.base/java.util.concurrent.ThreadPoolExecutor$Worker.run(ThreadPoolExecutor.java:635)
	at java.base/java.lang.Thread.run(Thread.java:833)
Caused by: scala.NotImplementedError: an implementation is missing
	at scala.Predef$.$qmark$qmark$qmark(Predef.scala:344)
	at directed.StrictGraph.degreeOf(StrictGraph.scala:37)
	at directed.StrictGraph.degreeOf$(StrictGraph.scala:37)
	at directed.StrictGraphDefaultImpl.degreeOf(StrictGraphDefaultImpl.scala:8)
	at directed.StrictGraphSpec.$anonfun$new$52(StrictGraphSpec.scala:75)
	at directed.StrictGraphSpec.$anonfun$new$52$adapted(StrictGraphSpec.scala:75)
	at scala.collection.immutable.Set$Set1.forall(Set.scala:170)
	at directed.StrictGraphSpec.$anonfun$new$51(StrictGraphSpec.scala:75)
	at org.scalatestplus.scalacheck.ScalaCheckDrivenPropertyChecks.liftedTree9$1(ScalaCheckDrivenPropertyChecks.scala:987)
	at org.scalatestplus.scalacheck.ScalaCheckDrivenPropertyChecks.$anonfun$forAll$7(ScalaCheckDrivenPropertyChecks.scala:986)
	at org.scalacheck.Prop$.$anonfun$forAllShrink$2(Prop.scala:768)
	at org.scalacheck.Prop$.secure(Prop.scala:478)
	at org.scalacheck.Prop$.result$1(Prop.scala:768)
	at org.scalacheck.Prop$.$anonfun$forAllShrink$1(Prop.scala:807)
	at org.scalacheck.Prop$.$anonfun$apply$1(Prop.scala:308)
	at org.scalacheck.PropFromFun.apply(Prop.scala:21)
	at org.scalacheck.Test$.workerFun$1(Test.scala:434)
	at org.scalacheck.Test$.$anonfun$check$2(Test.scala:466)
	at org.scalacheck.Test$.$anonfun$check$2$adapted(Test.scala:466)
	at org.scalacheck.Platform$.runWorkers(Platform.scala:40)
	at org.scalacheck.Test$.check(Test.scala:466)
	at org.scalatestplus.scalacheck.UnitCheckerAsserting$CheckerAssertingImpl.check(CheckerAsserting.scala:90)
	... 64 more
</failure>
                    </testcase>
          <system-out><![CDATA[]]></system-out>
          <system-err><![CDATA[]]></system-err>
        </testsuite>