<?xml version='1.0' encoding='UTF-8'?>
<testsuite hostname="student-laptop" name="undirected.SimpleGraphDefaultImplSpec" tests="25" errors="0" failures="0" skipped="0" time="0.578" timestamp="2022-03-05T18:59:17">
          <properties>
[...]
</properties>
          <testcase classname="undirected.SimpleGraphDefaultImplSpec" name="SimpleGraphDefaultImpl.hasPath must yield false if any input vertex is not a vertex of graph" time="0.205">
                      
                    </testcase><testcase classname="undirected.SimpleGraphDefaultImplSpec" name="SimpleGraphDefaultImpl.hasPath must yield true if vertex are connected" time="0.024">
                      
                    </testcase><testcase classname="undirected.SimpleGraphDefaultImplSpec" name="SimpleGraphDefaultImpl.hasPath must yield a boolean in other cases" time="0.071">
                      
                    </testcase><testcase classname="undirected.SimpleGraphDefaultImplSpec" name="SimpleGraphDefaultImpl.neighborsOf must yield None if input is not an actual vertex of graph" time="0.052">
                      
                    </testcase><testcase classname="undirected.SimpleGraphDefaultImplSpec" name="SimpleGraphDefaultImpl.neighborsOf must yield a subset of vertex set if input is an actual vertex of graph" time="0.007">
                      
                    </testcase><testcase classname="undirected.SimpleGraphDefaultImplSpec" name="SimpleGraphDefaultImpl.neighborsOf must yield a set of adjacent vertices" time="0.004">
                      
                    </testcase><testcase classname="undirected.SimpleGraphDefaultImplSpec" name="SimpleGraphDefaultImpl.+ must contain input vertex" time="0.005">
                      
                    </testcase><testcase classname="undirected.SimpleGraphDefaultImplSpec" name="SimpleGraphDefaultImpl.+ must return input graph if input vertex is already in graph" time="0.005">
                      
                    </testcase><testcase classname="undirected.SimpleGraphDefaultImplSpec" name="SimpleGraphDefaultImpl.+ must have input vertex with degree 0 if not an actual vertex of graph" time="0.027">
                      
                    </testcase><testcase classname="undirected.SimpleGraphDefaultImplSpec" name="SimpleGraphDefaultImpl.- must NOT contain input vertex" time="0.009">
                      
                    </testcase><testcase classname="undirected.SimpleGraphDefaultImplSpec" name="SimpleGraphDefaultImpl.- must return input graph if input vertex is not already in graph" time="0.04">
                      
                    </testcase><testcase classname="undirected.SimpleGraphDefaultImplSpec" name="SimpleGraphDefaultImpl.- must have input vertex removed from neighbors if an actual vertex of graph" time="0.057">
                      
                    </testcase><testcase classname="undirected.SimpleGraphDefaultImplSpec" name="SimpleGraphDefaultImpl.- must have degree updated for all neighbors if an actual vertex of graph" time="0.015">
                      
                    </testcase><testcase classname="undirected.SimpleGraphDefaultImplSpec" name="SimpleGraphDefaultImpl.- must revert back the + operator applied on an actual new vertex" time="0.003">
                      
                    </testcase><testcase classname="undirected.SimpleGraphDefaultImplSpec" name="SimpleGraphDefaultImpl.+| must contain input edge" time="0.005">
                      
                    </testcase><testcase classname="undirected.SimpleGraphDefaultImplSpec" name="SimpleGraphDefaultImpl.+| must contain ends of input edge" time="0.002">
                      
                    </testcase><testcase classname="undirected.SimpleGraphDefaultImplSpec" name="SimpleGraphDefaultImpl.+| must return input graph if input edge is already in graph" time="0.002">
                      
                    </testcase><testcase classname="undirected.SimpleGraphDefaultImplSpec" name="SimpleGraphDefaultImpl.-| must NOT contain input edge" time="0.004">
                      
                    </testcase><testcase classname="undirected.SimpleGraphDefaultImplSpec" name="SimpleGraphDefaultImpl.-| must return input graph if input edge is not already in graph" time="0.019">
                      
                    </testcase><testcase classname="undirected.SimpleGraphDefaultImplSpec" name="SimpleGraphDefaultImpl.-| must have ends removed from neighbors if an actual vertex of graph" time="0.004">
                      
                    </testcase><testcase classname="undirected.SimpleGraphDefaultImplSpec" name="SimpleGraphDefaultImpl.-| must have degree updated for both ends if an actual vertex of graph" time="0.006">
                      
                    </testcase><testcase classname="undirected.SimpleGraphDefaultImplSpec" name="SimpleGraphDefaultImpl.withoutEdge must let vertex set unchanged" time="0.001">
                      
                    </testcase><testcase classname="undirected.SimpleGraphDefaultImplSpec" name="SimpleGraphDefaultImpl.withoutEdge must have empty edge set" time="0.003">
                      
                    </testcase><testcase classname="undirected.SimpleGraphDefaultImplSpec" name="SimpleGraphDefaultImpl.withoutEdge must have empty neighbors for any vertex" time="0.004">
                      
                    </testcase><testcase classname="undirected.SimpleGraphDefaultImplSpec" name="SimpleGraphDefaultImpl.withoutEdge must have zero degree for any vertex" time="0.004">
                      
                    </testcase>
          <system-out><![CDATA[]]></system-out>
          <system-err><![CDATA[]]></system-err>
        </testsuite>