<?xml version='1.0' encoding='UTF-8'?>
<testsuite hostname="FGACERPRED" name="directed.StrictGraphDefaultImplSpec" tests="22" errors="0" failures="0" skipped="0" time="0.354" timestamp="2022-03-17T18:16:16">
          <properties>
[...]
</properties>
          <testcase classname="directed.StrictGraphDefaultImplSpec" name="StrictGraphDefaultImpl.successorsOf must yield None if input is not an actual vertex of graph" time="0.197">
                      
                    </testcase><testcase classname="directed.StrictGraphDefaultImplSpec" name="StrictGraphDefaultImpl.successorsOf must yield a subset of vertex set if input is an actual vertex of graph" time="0.005">
                      
                    </testcase><testcase classname="directed.StrictGraphDefaultImplSpec" name="StrictGraphDefaultImpl.successorsOf must yield a set of adjacent vertices" time="0.01">
                      
                    </testcase><testcase classname="directed.StrictGraphDefaultImplSpec" name="StrictGraphDefaultImpl.+ must contain input vertex" time="0.009">
                      
                    </testcase><testcase classname="directed.StrictGraphDefaultImplSpec" name="StrictGraphDefaultImpl.+ must return input graph if input vertex is already in graph" time="0.007">
                      
                    </testcase><testcase classname="directed.StrictGraphDefaultImplSpec" name="StrictGraphDefaultImpl.+ must have input vertex with degree 0 if not an actual vertex of graph" time="0.008">
                      
                    </testcase><testcase classname="directed.StrictGraphDefaultImplSpec" name="StrictGraphDefaultImpl.- must NOT contain input vertex" time="0.005">
                      
                    </testcase><testcase classname="directed.StrictGraphDefaultImplSpec" name="StrictGraphDefaultImpl.- must return input graph if input vertex is not already in graph" time="0.012">
                      
                    </testcase><testcase classname="directed.StrictGraphDefaultImplSpec" name="StrictGraphDefaultImpl.- must have input vertex removed from successors if an actual vertex of graph" time="0.009">
                      
                    </testcase><testcase classname="directed.StrictGraphDefaultImplSpec" name="StrictGraphDefaultImpl.- must have degree updated for all successors if an actual vertex of graph" time="0.005">
                      
                    </testcase><testcase classname="directed.StrictGraphDefaultImplSpec" name="StrictGraphDefaultImpl.- must revert back the + operator applied on an actual new vertex" time="0.012">
                      
                    </testcase><testcase classname="directed.StrictGraphDefaultImplSpec" name="StrictGraphDefaultImpl.+| must contain input arc" time="0.002">
                      
                    </testcase><testcase classname="directed.StrictGraphDefaultImplSpec" name="StrictGraphDefaultImpl.+| must contain ends of input arc" time="0.004">
                      
                    </testcase><testcase classname="directed.StrictGraphDefaultImplSpec" name="StrictGraphDefaultImpl.+| must return input graph if input arc is already in graph" time="0.007">
                      
                    </testcase><testcase classname="directed.StrictGraphDefaultImplSpec" name="StrictGraphDefaultImpl.-| must NOT contain input arc" time="0.003">
                      
                    </testcase><testcase classname="directed.StrictGraphDefaultImplSpec" name="StrictGraphDefaultImpl.-| must return input graph if input arc is not already in graph" time="0.017">
                      
                    </testcase><testcase classname="directed.StrictGraphDefaultImplSpec" name="StrictGraphDefaultImpl.-| must have ends removed from successors if an actual vertex of graph" time="0.013">
                      
                    </testcase><testcase classname="directed.StrictGraphDefaultImplSpec" name="StrictGraphDefaultImpl.-| must have degree updated for both ends if an actual vertex of graph" time="0.006">
                      
                    </testcase><testcase classname="directed.StrictGraphDefaultImplSpec" name="StrictGraphDefaultImpl.withoutArc must let vertex set unchanged" time="0.005">
                      
                    </testcase><testcase classname="directed.StrictGraphDefaultImplSpec" name="StrictGraphDefaultImpl.withoutArc must have empty arc set" time="0.009">
                      
                    </testcase><testcase classname="directed.StrictGraphDefaultImplSpec" name="StrictGraphDefaultImpl.withoutArc must have empty successors for any vertex" time="0.003">
                      
                    </testcase><testcase classname="directed.StrictGraphDefaultImplSpec" name="StrictGraphDefaultImpl.withoutArc must have zero degree for any vertex" time="0.006">
                      
                    </testcase>
          <system-out><![CDATA[]]></system-out>
          <system-err><![CDATA[]]></system-err>
        </testsuite>