<?xml version='1.0' encoding='UTF-8'?>
<testsuite hostname="FGACERPRED" name="undirected.SimpleGraphNeighborsImplSpec" tests="22" errors="0" failures="0" skipped="0" time="0.793" timestamp="2022-03-17T18:16:16">
          <properties>
[...]
</properties>
          <testcase classname="undirected.SimpleGraphNeighborsImplSpec" name="SimpleGraphNeighborsImpl.neighborsOf must yield None if input is not an actual vertex of graph" time="0.304">
                      
                    </testcase><testcase classname="undirected.SimpleGraphNeighborsImplSpec" name="SimpleGraphNeighborsImpl.neighborsOf must yield a subset of vertex set if input is an actual vertex of graph" time="0.007">
                      
                    </testcase><testcase classname="undirected.SimpleGraphNeighborsImplSpec" name="SimpleGraphNeighborsImpl.neighborsOf must yield a set of adjacent vertices" time="0.012">
                      
                    </testcase><testcase classname="undirected.SimpleGraphNeighborsImplSpec" name="SimpleGraphNeighborsImpl.+ must contain input vertex" time="0.01">
                      
                    </testcase><testcase classname="undirected.SimpleGraphNeighborsImplSpec" name="SimpleGraphNeighborsImpl.+ must return input graph if input vertex is already in graph" time="0.011">
                      
                    </testcase><testcase classname="undirected.SimpleGraphNeighborsImplSpec" name="SimpleGraphNeighborsImpl.+ must have input vertex with degree 0 if not an actual vertex of graph" time="0.008">
                      
                    </testcase><testcase classname="undirected.SimpleGraphNeighborsImplSpec" name="SimpleGraphNeighborsImpl.- must NOT contain input vertex" time="0.016">
                      
                    </testcase><testcase classname="undirected.SimpleGraphNeighborsImplSpec" name="SimpleGraphNeighborsImpl.- must return input graph if input vertex is not already in graph" time="0.061">
                      
                    </testcase><testcase classname="undirected.SimpleGraphNeighborsImplSpec" name="SimpleGraphNeighborsImpl.- must have input vertex removed from neighbors if an actual vertex of graph" time="0.005">
                      
                    </testcase><testcase classname="undirected.SimpleGraphNeighborsImplSpec" name="SimpleGraphNeighborsImpl.- must have degree updated for all neighbors if an actual vertex of graph" time="0.072">
                      
                    </testcase><testcase classname="undirected.SimpleGraphNeighborsImplSpec" name="SimpleGraphNeighborsImpl.- must revert back the + operator applied on an actual new vertex" time="0.126">
                      
                    </testcase><testcase classname="undirected.SimpleGraphNeighborsImplSpec" name="SimpleGraphNeighborsImpl.+| must contain input edge" time="0.004">
                      
                    </testcase><testcase classname="undirected.SimpleGraphNeighborsImplSpec" name="SimpleGraphNeighborsImpl.+| must contain ends of input edge" time="0.005">
                      
                    </testcase><testcase classname="undirected.SimpleGraphNeighborsImplSpec" name="SimpleGraphNeighborsImpl.+| must return input graph if input edge is already in graph" time="0.013">
                      
                    </testcase><testcase classname="undirected.SimpleGraphNeighborsImplSpec" name="SimpleGraphNeighborsImpl.-| must NOT contain input edge" time="0.018">
                      
                    </testcase><testcase classname="undirected.SimpleGraphNeighborsImplSpec" name="SimpleGraphNeighborsImpl.-| must return input graph if input edge is not already in graph" time="0.066">
                      
                    </testcase><testcase classname="undirected.SimpleGraphNeighborsImplSpec" name="SimpleGraphNeighborsImpl.-| must have ends removed from neighbors if an actual vertex of graph" time="0.012">
                      
                    </testcase><testcase classname="undirected.SimpleGraphNeighborsImplSpec" name="SimpleGraphNeighborsImpl.-| must have degree updated for both ends if an actual vertex of graph" time="0.005">
                      
                    </testcase><testcase classname="undirected.SimpleGraphNeighborsImplSpec" name="SimpleGraphNeighborsImpl.withoutEdge must let vertex set unchanged" time="0.015">
                      
                    </testcase><testcase classname="undirected.SimpleGraphNeighborsImplSpec" name="SimpleGraphNeighborsImpl.withoutEdge must have empty edge set" time="0.004">
                      
                    </testcase><testcase classname="undirected.SimpleGraphNeighborsImplSpec" name="SimpleGraphNeighborsImpl.withoutEdge must have empty neighbors for any vertex" time="0.009">
                      
                    </testcase><testcase classname="undirected.SimpleGraphNeighborsImplSpec" name="SimpleGraphNeighborsImpl.withoutEdge must have zero degree for any vertex" time="0.01">
                      
                    </testcase>
          <system-out><![CDATA[]]></system-out>
          <system-err><![CDATA[]]></system-err>
        </testsuite>